2025-12-14 13:33:54.980: [INFO] VisibilityChanged: 0
2025-12-14 13:33:55.082: [INFO] RecordSyncInitDuration has_sync_been_enabled: 0 state: 0
2025-12-14 13:33:55.084: [INFO] RecordSyncInitDuration has_sync_been_enabled: 0 state: 0
2025-12-14 13:33:55.085: [INFO] RecordSyncInitDuration has_sync_been_enabled: 0 state: 0
2025-12-14 13:33:55.086: [INFO] RecordSyncInitDuration has_sync_been_enabled: 0 state: 0
2025-12-14 13:33:55.087: [INFO] RecordSyncInitDuration has_sync_been_enabled: 0 state: 0
2025-12-14 13:33:55.089: [INFO] RecordSyncInitDuration has_sync_been_enabled: 0 state: 0
2025-12-14 13:33:55.089: [INFO] RecordSyncInitDuration has_sync_been_enabled: 0 state: 0
2025-12-14 13:33:55.090: [INFO] RecordSyncInitDuration has_sync_been_enabled: 0 state: 0
2025-12-14 13:33:55.092: [INFO] RecordSyncInitDuration has_sync_been_enabled: 0 state: 0
2025-12-14 13:33:55.093: [INFO] RecordSyncInitDuration has_sync_been_enabled: 0 state: 0
2025-12-14 13:33:55.094: [INFO] RecordSyncInitDuration has_sync_been_enabled: 0 state: 0
2025-12-14 13:33:55.112: [INFO] BookmarkModelLoaded, ids_reassigned: 0
2025-12-14 13:33:55.112: [INFO] OnDoneLoading sync enabled: 0
2025-12-14 13:33:55.121: [INFO] RecordSyncInitDuration has_sync_been_enabled: 0 state: 0
2025-12-14 13:33:55.447: [INFO] RecordSyncInitDuration has_sync_been_enabled: 0 state: 3
2025-12-14 13:33:55.455: [INFO] Primary account changed.
2025-12-14 13:33:55.455: [INFO] OnPrimaryAccountChanged PrimaryAccountChangeEvent::Type::kSet
2025-12-14 13:33:55.461: [INFO] RecordSyncInitDuration has_sync_been_enabled: 0 state: 3
2025-12-14 13:33:55.634: [INFO] RecordSyncInitDuration has_sync_been_enabled: 0 state: 3
2025-12-14 13:34:08.317: [INFO] BookmarkNodeAdded, ABU: 0
2025-12-14 13:34:08.317: [INFO] BookmarkNodeAdded, ABU: 0
2025-12-14 13:34:08.318: [INFO] BookmarkNodeAdded, ABU: 0
2025-12-14 13:34:08.318: [INFO] BookmarkNodeAdded, ABU: 0
2025-12-14 13:34:08.318: [INFO] BookmarkNodeAdded, ABU: 0
2025-12-14 13:34:08.318: [INFO] BookmarkNodeAdded, ABU: 0
2025-12-14 13:34:08.318: [INFO] BookmarkNodeAdded, ABU: 0
2025-12-14 13:34:08.318: [INFO] BookmarkNodeAdded, ABU: 0
2025-12-14 13:34:08.318: [INFO] BookmarkNodeAdded, ABU: 0
2025-12-14 13:34:08.318: [INFO] BookmarkNodeAdded, ABU: 0
2025-12-14 13:34:08.319: [INFO] BookmarkNodeAdded, ABU: 0
2025-12-14 13:34:08.319: [INFO] BookmarkNodeAdded, ABU: 0
2025-12-14 13:34:08.319: [INFO] BookmarkNodeAdded, ABU: 0
2025-12-14 13:34:08.319: [INFO] BookmarkNodeAdded, ABU: 0
2025-12-14 13:34:08.319: [INFO] BookmarkNodeAdded, ABU: 0
2025-12-14 13:34:08.319: [INFO] BookmarkNodeAdded, ABU: 0
2025-12-14 13:34:08.319: [INFO] BookmarkNodeAdded, ABU: 0
2025-12-14 13:34:08.319: [INFO] BookmarkNodeAdded, ABU: 0
2025-12-14 13:34:08.320: [INFO] BookmarkNodeAdded, ABU: 0
2025-12-14 13:34:08.320: [INFO] BookmarkNodeAdded, ABU: 0
2025-12-14 13:34:08.320: [INFO] BookmarkNodeAdded, ABU: 0
2025-12-14 13:34:08.320: [INFO] BookmarkNodeAdded, ABU: 0
2025-12-14 13:34:08.320: [INFO] BookmarkNodeAdded, ABU: 0
2025-12-14 13:34:08.320: [INFO] BookmarkNodeAdded, ABU: 0
2025-12-14 13:34:08.320: [INFO] BookmarkNodeAdded, ABU: 0
2025-12-14 13:34:08.320: [INFO] BookmarkNodeAdded, ABU: 0
2025-12-14 13:34:08.321: [INFO] BookmarkNodeAdded, ABU: 0
2025-12-14 13:34:08.321: [INFO] BookmarkNodeAdded, ABU: 0
2025-12-14 13:34:08.321: [INFO] BookmarkNodeAdded, ABU: 0
2025-12-14 13:34:08.321: [INFO] BookmarkNodeAdded, ABU: 0
2025-12-14 13:34:08.321: [INFO] BookmarkNodeAdded, ABU: 0
2025-12-14 13:34:08.321: [INFO] BookmarkNodeAdded, ABU: 0
2025-12-14 13:34:08.321: [INFO] BookmarkNodeAdded, ABU: 0
2025-12-14 13:34:08.322: [INFO] BookmarkNodeAdded, ABU: 0
2025-12-14 13:34:08.322: [INFO] BookmarkNodeAdded, ABU: 0
2025-12-14 13:34:08.322: [INFO] BookmarkNodeAdded, ABU: 0
2025-12-14 13:34:08.322: [INFO] BookmarkNodeAdded, ABU: 0
2025-12-14 13:34:08.322: [INFO] BookmarkNodeAdded, ABU: 0
2025-12-14 13:34:08.322: [INFO] BookmarkNodeAdded, ABU: 0
2025-12-14 13:34:08.322: [INFO] BookmarkNodeAdded, ABU: 0
2025-12-14 13:34:08.323: [INFO] BookmarkNodeAdded, ABU: 0
2025-12-14 13:34:08.323: [INFO] BookmarkNodeAdded, ABU: 0
2025-12-14 13:34:08.323: [INFO] BookmarkNodeAdded, ABU: 0
2025-12-14 13:34:08.323: [INFO] BookmarkNodeAdded, ABU: 0
2025-12-14 13:34:08.323: [INFO] BookmarkNodeAdded, ABU: 0
2025-12-14 13:34:08.323: [INFO] BookmarkNodeAdded, ABU: 0
2025-12-14 13:34:08.323: [INFO] BookmarkNodeAdded, ABU: 0
2025-12-14 13:34:08.324: [INFO] BookmarkNodeAdded, ABU: 0
2025-12-14 13:34:08.324: [INFO] BookmarkNodeAdded, ABU: 0
2025-12-14 13:34:22.007: [INFO] Sync initialization duration: 26229ms
2025-12-14 19:48:58.096: [INFO] VisibilityChanged: 0
2025-12-14 19:48:58.199: [INFO] BookmarkModelLoaded, ids_reassigned: 0
2025-12-14 19:48:58.199: [INFO] OnDoneLoading sync enabled: 1
2025-12-14 19:49:10.385: [INFO] Sync initialization duration: 3400ms
