{"logTime": "1214/133415", "correlationVector":"ZRECdbrSElROkHZGd4qN/5.6","action":"GetUpdates Response", "result":"Success", "context":Received 250 update(s). cV=ZRECdbrSElROkHZGd4qN/5.0;server=akswtt10900000k;cloudType=Consumer;environment=Prod_francecentral_prod-s01-062-eur-francecentral;migrationStage=NotStarted Some updates remain.}
{"logTime": "1214/133415", "correlationVector":"fHmvgQeCXrf9Pr/rmCyoP4","action":"Initial GetUpdates", "result":"", "context":Reason: NEWLY_SUPPORTED_DATATYPE. cV=fHmvgQeCXrf9Pr/rmCyoP4}
{"logTime": "1214/133416", "correlationVector":"fHmvgQeCXrf9Pr/rmCyoP4.1","action":"SyncServerConnectionManagerRequest", "result":"SYNC_SERVER_OK", "context":{"environment":"Prod_francecentral_prod-s01-062-eur-francecentral", "migrationStage":"NotStarted", "server":"akswtt10900000q"}}
{"logTime": "1214/133416", "correlationVector":"fHmvgQeCXrf9Pr/rmCyoP4.2","action":"ProcessGetUpdates", "result":"Done", "context":{"dataType":"Autofill Profiles", "deleted":"0", "process_failed_to_decrypt":"0", "process_pending_decryption":"0", "process_success":"2", "total":"2"}}
{"logTime": "1214/133416", "correlationVector":"fHmvgQeCXrf9Pr/rmCyoP4.3","action":"ProcessGetUpdates", "result":"Done", "context":{"dataType":"Autofill", "deleted":"0", "process_failed_to_decrypt":"0", "process_pending_decryption":"0", "process_success":"22", "total":"22"}}
{"logTime": "1214/133416", "correlationVector":"fHmvgQeCXrf9Pr/rmCyoP4.4","action":"ProcessGetUpdates", "result":"Done", "context":{"dataType":"Sessions", "deleted":"226", "process_failed_to_decrypt":"0", "process_pending_decryption":"0", "process_success":"226", "total":"226"}}
{"logTime": "1214/133416", "correlationVector":"fHmvgQeCXrf9Pr/rmCyoP4.5","action":"GetUpdates Response", "result":"Success", "context":Received 250 update(s). cV=fHmvgQeCXrf9Pr/rmCyoP4.0;server=akswtt10900000q;cloudType=Consumer;environment=Prod_francecentral_prod-s01-062-eur-francecentral;migrationStage=NotStarted Some updates remain.}
{"logTime": "1214/133416", "correlationVector":"ZtXWOBQxzu4/i4p3UWtPQw","action":"Initial GetUpdates", "result":"", "context":Reason: NEWLY_SUPPORTED_DATATYPE. cV=ZtXWOBQxzu4/i4p3UWtPQw}
{"logTime": "1214/133417", "correlationVector":"ZtXWOBQxzu4/i4p3UWtPQw.1","action":"SyncServerConnectionManagerRequest", "result":"SYNC_SERVER_OK", "context":{"environment":"Prod_francecentral_prod-s01-062-eur-francecentral", "migrationStage":"NotStarted", "server":"akswtt109000017"}}
{"logTime": "1214/133417", "correlationVector":"ZtXWOBQxzu4/i4p3UWtPQw.2","action":"ProcessGetUpdates", "result":"Done", "context":{"dataType":"Autofill Profiles", "deleted":"0", "process_failed_to_decrypt":"0", "process_pending_decryption":"0", "process_success":"9", "total":"9"}}
{"logTime": "1214/133417", "correlationVector":"ZtXWOBQxzu4/i4p3UWtPQw.3","action":"ProcessGetUpdates", "result":"Done", "context":{"dataType":"Autofill", "deleted":"0", "process_failed_to_decrypt":"0", "process_pending_decryption":"0", "process_success":"20", "total":"20"}}
{"logTime": "1214/133417", "correlationVector":"ZtXWOBQxzu4/i4p3UWtPQw.4","action":"ProcessGetUpdates", "result":"Done", "context":{"dataType":"Extensions", "deleted":"0", "process_failed_to_decrypt":"0", "process_pending_decryption":"0", "process_success":"1", "total":"1"}}
{"logTime": "1214/133417", "correlationVector":"ZtXWOBQxzu4/i4p3UWtPQw.5","action":"ProcessGetUpdates", "result":"Done", "context":{"dataType":"Sessions", "deleted":"216", "process_failed_to_decrypt":"0", "process_pending_decryption":"0", "process_success":"216", "total":"216"}}
{"logTime": "1214/133417", "correlationVector":"ZtXWOBQxzu4/i4p3UWtPQw.6","action":"ProcessGetUpdates", "result":"Done", "context":{"dataType":"Saved Tab Group", "deleted":"4", "process_failed_to_decrypt":"0", "process_pending_decryption":"0", "process_success":"4", "total":"4"}}
{"logTime": "1214/133417", "correlationVector":"ZtXWOBQxzu4/i4p3UWtPQw.7","action":"GetUpdates Response", "result":"Success", "context":Received 250 update(s). cV=ZtXWOBQxzu4/i4p3UWtPQw.0;server=akswtt109000017;cloudType=Consumer;environment=Prod_francecentral_prod-s01-062-eur-francecentral;migrationStage=NotStarted Some updates remain.}
{"logTime": "1214/133417", "correlationVector":"HfwJpYlT/1EzVJe5+W2mUv","action":"Initial GetUpdates", "result":"", "context":Reason: NEWLY_SUPPORTED_DATATYPE. cV=HfwJpYlT/1EzVJe5+W2mUv}
{"logTime": "1214/133418", "correlationVector":"HfwJpYlT/1EzVJe5+W2mUv.1","action":"SyncServerConnectionManagerRequest", "result":"SYNC_SERVER_OK", "context":{"environment":"Prod_francecentral_prod-s01-062-eur-francecentral", "migrationStage":"NotStarted", "server":"akswtt109000018"}}
{"logTime": "1214/133418", "correlationVector":"HfwJpYlT/1EzVJe5+W2mUv.2","action":"ProcessGetUpdates", "result":"Done", "context":{"dataType":"Autofill", "deleted":"0", "process_failed_to_decrypt":"0", "process_pending_decryption":"0", "process_success":"8", "total":"8"}}
{"logTime": "1214/133418", "correlationVector":"HfwJpYlT/1EzVJe5+W2mUv.3","action":"ProcessGetUpdates", "result":"Done", "context":{"dataType":"Sessions", "deleted":"205", "process_failed_to_decrypt":"0", "process_pending_decryption":"0", "process_success":"205", "total":"205"}}
{"logTime": "1214/133418", "correlationVector":"HfwJpYlT/1EzVJe5+W2mUv.4","action":"ProcessGetUpdates", "result":"Done", "context":{"dataType":"Saved Tab Group", "deleted":"18", "process_failed_to_decrypt":"0", "process_pending_decryption":"0", "process_success":"32", "total":"32"}}
{"logTime": "1214/133418", "correlationVector":"HfwJpYlT/1EzVJe5+W2mUv.5","action":"ProcessGetUpdates", "result":"Done", "context":{"dataType":"Edge Hub App Usage", "deleted":"0", "process_failed_to_decrypt":"0", "process_pending_decryption":"0", "process_success":"5", "total":"5"}}
{"logTime": "1214/133418", "correlationVector":"HfwJpYlT/1EzVJe5+W2mUv.6","action":"GetUpdates Response", "result":"Success", "context":Received 250 update(s). cV=HfwJpYlT/1EzVJe5+W2mUv.0;server=akswtt109000018;cloudType=Consumer;environment=Prod_francecentral_prod-s01-062-eur-francecentral;migrationStage=NotStarted Some updates remain.}
{"logTime": "1214/133418", "correlationVector":"HTR8paj23QGNjUwARtVc0J","action":"Initial GetUpdates", "result":"", "context":Reason: NEWLY_SUPPORTED_DATATYPE. cV=HTR8paj23QGNjUwARtVc0J}
{"logTime": "1214/133418", "correlationVector":"HTR8paj23QGNjUwARtVc0J.1","action":"SyncServerConnectionManagerRequest", "result":"SYNC_SERVER_OK", "context":{"environment":"Prod_francecentral_prod-s01-062-eur-francecentral", "migrationStage":"NotStarted", "server":"akswtt10900000n"}}
{"logTime": "1214/133418", "correlationVector":"HTR8paj23QGNjUwARtVc0J.2","action":"ProcessGetUpdates", "result":"Done", "context":{"dataType":"Autofill", "deleted":"0", "process_failed_to_decrypt":"0", "process_pending_decryption":"0", "process_success":"6", "total":"6"}}
{"logTime": "1214/133418", "correlationVector":"HTR8paj23QGNjUwARtVc0J.3","action":"ProcessGetUpdates", "result":"Done", "context":{"dataType":"Sessions", "deleted":"196", "process_failed_to_decrypt":"0", "process_pending_decryption":"0", "process_success":"196", "total":"196"}}
{"logTime": "1214/133418", "correlationVector":"HTR8paj23QGNjUwARtVc0J.4","action":"ProcessGetUpdates", "result":"Done", "context":{"dataType":"History Delete Directives", "deleted":"0", "process_failed_to_decrypt":"0", "process_pending_decryption":"0", "process_success":"1", "total":"1"}}
{"logTime": "1214/133418", "correlationVector":"HTR8paj23QGNjUwARtVc0J.5","action":"ProcessGetUpdates", "result":"Done", "context":{"dataType":"Saved Tab Group", "deleted":"2", "process_failed_to_decrypt":"0", "process_pending_decryption":"0", "process_success":"47", "total":"47"}}
{"logTime": "1214/133418", "correlationVector":"HTR8paj23QGNjUwARtVc0J.6","action":"GetUpdates Response", "result":"Success", "context":Received 250 update(s). cV=HTR8paj23QGNjUwARtVc0J.0;server=akswtt10900000n;cloudType=Consumer;environment=Prod_francecentral_prod-s01-062-eur-francecentral;migrationStage=NotStarted Some updates remain.}
{"logTime": "1214/133418", "correlationVector":"FK7jfZa69NK+vltBzv7WIQ","action":"Initial GetUpdates", "result":"", "context":Reason: NEWLY_SUPPORTED_DATATYPE. cV=FK7jfZa69NK+vltBzv7WIQ}
{"logTime": "1214/133419", "correlationVector":"FK7jfZa69NK+vltBzv7WIQ.1","action":"SyncServerConnectionManagerRequest", "result":"SYNC_SERVER_OK", "context":{"environment":"Prod_francecentral_prod-s01-062-eur-francecentral", "migrationStage":"NotStarted", "server":"akswtt10900000u"}}
{"logTime": "1214/133419", "correlationVector":"FK7jfZa69NK+vltBzv7WIQ.2","action":"ProcessGetUpdates", "result":"Done", "context":{"dataType":"Autofill Profiles", "deleted":"2", "process_failed_to_decrypt":"0", "process_pending_decryption":"0", "process_success":"4", "total":"4"}}
{"logTime": "1214/133419", "correlationVector":"FK7jfZa69NK+vltBzv7WIQ.3","action":"ProcessGetUpdates", "result":"Done", "context":{"dataType":"Autofill", "deleted":"0", "process_failed_to_decrypt":"0", "process_pending_decryption":"0", "process_success":"89", "total":"89"}}
{"logTime": "1214/133419", "correlationVector":"FK7jfZa69NK+vltBzv7WIQ.4","action":"ProcessGetUpdates", "result":"Done", "context":{"dataType":"Sessions", "deleted":"156", "process_failed_to_decrypt":"0", "process_pending_decryption":"0", "process_success":"156", "total":"156"}}
{"logTime": "1214/133419", "correlationVector":"FK7jfZa69NK+vltBzv7WIQ.5","action":"ProcessGetUpdates", "result":"Done", "context":{"dataType":"Edge Hub App Usage", "deleted":"0", "process_failed_to_decrypt":"0", "process_pending_decryption":"0", "process_success":"1", "total":"1"}}
{"logTime": "1214/133419", "correlationVector":"FK7jfZa69NK+vltBzv7WIQ.6","action":"GetUpdates Response", "result":"Success", "context":Received 250 update(s). cV=FK7jfZa69NK+vltBzv7WIQ.0;server=akswtt10900000u;cloudType=Consumer;environment=Prod_francecentral_prod-s01-062-eur-francecentral;migrationStage=NotStarted Some updates remain.}
{"logTime": "1214/133419", "correlationVector":"w/QphDALjIsux0sDe4w7lD","action":"Initial GetUpdates", "result":"", "context":Reason: NEWLY_SUPPORTED_DATATYPE. cV=w/QphDALjIsux0sDe4w7lD}
{"logTime": "1214/133420", "correlationVector":"w/QphDALjIsux0sDe4w7lD.1","action":"SyncServerConnectionManagerRequest", "result":"SYNC_SERVER_OK", "context":{"environment":"Prod_francecentral_prod-s01-062-eur-francecentral", "migrationStage":"NotStarted", "server":"akswtt10900000i"}}
{"logTime": "1214/133420", "correlationVector":"w/QphDALjIsux0sDe4w7lD.2","action":"ProcessGetUpdates", "result":"Done", "context":{"dataType":"Autofill Profiles", "deleted":"1", "process_failed_to_decrypt":"0", "process_pending_decryption":"0", "process_success":"1", "total":"1"}}
{"logTime": "1214/133420", "correlationVector":"w/QphDALjIsux0sDe4w7lD.3","action":"ProcessGetUpdates", "result":"Done", "context":{"dataType":"Autofill", "deleted":"0", "process_failed_to_decrypt":"0", "process_pending_decryption":"0", "process_success":"39", "total":"39"}}
{"logTime": "1214/133420", "correlationVector":"w/QphDALjIsux0sDe4w7lD.4","action":"ProcessGetUpdates", "result":"Done", "context":{"dataType":"Sessions", "deleted":"209", "process_failed_to_decrypt":"0", "process_pending_decryption":"0", "process_success":"210", "total":"210"}}
{"logTime": "1214/133420", "correlationVector":"w/QphDALjIsux0sDe4w7lD.5","action":"GetUpdates Response", "result":"Success", "context":Received 250 update(s). cV=w/QphDALjIsux0sDe4w7lD.0;server=akswtt10900000i;cloudType=Consumer;environment=Prod_francecentral_prod-s01-062-eur-francecentral;migrationStage=NotStarted Some updates remain.}
{"logTime": "1214/133420", "correlationVector":"xDeJaf9WlRr0vAzhyKkfMZ","action":"Initial GetUpdates", "result":"", "context":Reason: NEWLY_SUPPORTED_DATATYPE. cV=xDeJaf9WlRr0vAzhyKkfMZ}
{"logTime": "1214/133421", "correlationVector":"xDeJaf9WlRr0vAzhyKkfMZ.1","action":"SyncServerConnectionManagerRequest", "result":"SYNC_SERVER_OK", "context":{"environment":"Prod_francecentral_prod-s01-062-eur-francecentral", "migrationStage":"NotStarted", "server":"akswtt109000017"}}
{"logTime": "1214/133421", "correlationVector":"xDeJaf9WlRr0vAzhyKkfMZ.2","action":"ProcessGetUpdates", "result":"Done", "context":{"dataType":"Autofill", "deleted":"0", "process_failed_to_decrypt":"0", "process_pending_decryption":"0", "process_success":"5", "total":"5"}}
{"logTime": "1214/133421", "correlationVector":"xDeJaf9WlRr0vAzhyKkfMZ.3","action":"ProcessGetUpdates", "result":"Done", "context":{"dataType":"Extensions", "deleted":"0", "process_failed_to_decrypt":"0", "process_pending_decryption":"0", "process_success":"1", "total":"1"}}
{"logTime": "1214/133421", "correlationVector":"xDeJaf9WlRr0vAzhyKkfMZ.4","action":"ProcessGetUpdates", "result":"Done", "context":{"dataType":"Sessions", "deleted":"242", "process_failed_to_decrypt":"0", "process_pending_decryption":"0", "process_success":"244", "total":"244"}}
{"logTime": "1214/133421", "correlationVector":"xDeJaf9WlRr0vAzhyKkfMZ.5","action":"GetUpdates Response", "result":"Success", "context":Received 250 update(s). cV=xDeJaf9WlRr0vAzhyKkfMZ.0;server=akswtt109000017;cloudType=Consumer;environment=Prod_francecentral_prod-s01-062-eur-francecentral;migrationStage=NotStarted Some updates remain.}
{"logTime": "1214/133421", "correlationVector":"Cwn+r3vqCMtD0WUFfuzFg9","action":"Initial GetUpdates", "result":"", "context":Reason: NEWLY_SUPPORTED_DATATYPE. cV=Cwn+r3vqCMtD0WUFfuzFg9}
{"logTime": "1214/133421", "correlationVector":"Cwn+r3vqCMtD0WUFfuzFg9.1","action":"SyncServerConnectionManagerRequest", "result":"SYNC_SERVER_OK", "context":{"environment":"Prod_francecentral_prod-s01-062-eur-francecentral", "migrationStage":"NotStarted", "server":"akswtt109000017"}}
{"logTime": "1214/133421", "correlationVector":"Cwn+r3vqCMtD0WUFfuzFg9.2","action":"ProcessGetUpdates", "result":"Done", "context":{"dataType":"Autofill Profiles", "deleted":"0", "process_failed_to_decrypt":"0", "process_pending_decryption":"0", "process_success":"2", "total":"2"}}
{"logTime": "1214/133421", "correlationVector":"Cwn+r3vqCMtD0WUFfuzFg9.3","action":"ProcessGetUpdates", "result":"Done", "context":{"dataType":"Autofill", "deleted":"0", "process_failed_to_decrypt":"0", "process_pending_decryption":"0", "process_success":"17", "total":"17"}}
{"logTime": "1214/133421", "correlationVector":"Cwn+r3vqCMtD0WUFfuzFg9.4","action":"ProcessGetUpdates", "result":"Done", "context":{"dataType":"Extensions", "deleted":"0", "process_failed_to_decrypt":"0", "process_pending_decryption":"0", "process_success":"1", "total":"1"}}
{"logTime": "1214/133421", "correlationVector":"Cwn+r3vqCMtD0WUFfuzFg9.5","action":"ProcessGetUpdates", "result":"Done", "context":{"dataType":"Sessions", "deleted":"228", "process_failed_to_decrypt":"0", "process_pending_decryption":"0", "process_success":"230", "total":"230"}}
{"logTime": "1214/133421", "correlationVector":"Cwn+r3vqCMtD0WUFfuzFg9.6","action":"GetUpdates Response", "result":"Success", "context":Received 250 update(s). cV=Cwn+r3vqCMtD0WUFfuzFg9.0;server=akswtt109000017;cloudType=Consumer;environment=Prod_francecentral_prod-s01-062-eur-francecentral;migrationStage=NotStarted Some updates remain.}
{"logTime": "1214/133421", "correlationVector":"KAenh/QxizRXam4ALjE4YY","action":"Initial GetUpdates", "result":"", "context":Reason: NEWLY_SUPPORTED_DATATYPE. cV=KAenh/QxizRXam4ALjE4YY}
{"logTime": "1214/133421", "correlationVector":"KAenh/QxizRXam4ALjE4YY.1","action":"SyncServerConnectionManagerRequest", "result":"SYNC_SERVER_OK", "context":{"environment":"Prod_francecentral_prod-s01-062-eur-francecentral", "migrationStage":"NotStarted", "server":"akswtt10900000t"}}
{"logTime": "1214/133421", "correlationVector":"KAenh/QxizRXam4ALjE4YY.2","action":"ProcessGetUpdates", "result":"Done", "context":{"dataType":"Sessions", "deleted":"26", "process_failed_to_decrypt":"0", "process_pending_decryption":"0", "process_success":"36", "total":"36"}}
{"logTime": "1214/133421", "correlationVector":"KAenh/QxizRXam4ALjE4YY.3","action":"GetUpdates Response", "result":"Success", "context":Received 36 update(s). cV=KAenh/QxizRXam4ALjE4YY.0;server=akswtt10900000t;cloudType=Consumer;environment=Prod_francecentral_prod-s01-062-eur-francecentral;migrationStage=NotStarted}
{"logTime": "1214/133422", "correlationVector":"NviUqG34u3YEX0ajhwaEtM","action":"Initial GetUpdates", "result":"", "context":Reason: NEWLY_SUPPORTED_DATATYPE. cV=NviUqG34u3YEX0ajhwaEtM}
{"logTime": "1214/133422", "correlationVector":"NviUqG34u3YEX0ajhwaEtM.1","action":"SyncServerConnectionManagerRequest", "result":"SYNC_SERVER_OK", "context":{"environment":"Prod_francecentral_prod-s01-062-eur-francecentral", "migrationStage":"NotStarted", "server":"akswtt109000017"}}
{"logTime": "1214/133422", "correlationVector":"NviUqG34u3YEX0ajhwaEtM.2","action":"ProcessGetUpdates", "result":"Done", "context":{"dataType":"History", "deleted":"0", "process_failed_to_decrypt":"0", "process_pending_decryption":"0", "process_success":"250", "total":"250"}}
{"logTime": "1214/133422", "correlationVector":"NviUqG34u3YEX0ajhwaEtM.3","action":"GetUpdates Response", "result":"Success", "context":Received 250 update(s). cV=NviUqG34u3YEX0ajhwaEtM.0;server=akswtt109000017;cloudType=Consumer;environment=Prod_francecentral_prod-s01-062-eur-francecentral;migrationStage=NotStarted Some updates remain.}
{"logTime": "1214/133422", "correlationVector":"CpNW0rbtwi4PBR7iduuFHM","action":"Initial GetUpdates", "result":"", "context":Reason: NEWLY_SUPPORTED_DATATYPE. cV=CpNW0rbtwi4PBR7iduuFHM}
{"logTime": "1214/133422", "correlationVector":"CpNW0rbtwi4PBR7iduuFHM.1","action":"SyncServerConnectionManagerRequest", "result":"SYNC_SERVER_OK", "context":{"environment":"Prod_francecentral_prod-s01-062-eur-francecentral", "migrationStage":"NotStarted", "server":"akswtt10900000v"}}
{"logTime": "1214/133422", "correlationVector":"CpNW0rbtwi4PBR7iduuFHM.2","action":"ProcessGetUpdates", "result":"Done", "context":{"dataType":"History", "deleted":"0", "process_failed_to_decrypt":"0", "process_pending_decryption":"0", "process_success":"250", "total":"250"}}
{"logTime": "1214/133422", "correlationVector":"CpNW0rbtwi4PBR7iduuFHM.3","action":"GetUpdates Response", "result":"Success", "context":Received 250 update(s). cV=CpNW0rbtwi4PBR7iduuFHM.0;server=akswtt10900000v;cloudType=Consumer;environment=Prod_francecentral_prod-s01-062-eur-francecentral;migrationStage=NotStarted Some updates remain.}
{"logTime": "1214/133422", "correlationVector":"aXNpw65lEhXVk/O8b0PdS/","action":"Initial GetUpdates", "result":"", "context":Reason: NEWLY_SUPPORTED_DATATYPE. cV=aXNpw65lEhXVk/O8b0PdS/}
{"logTime": "1214/133423", "correlationVector":"aXNpw65lEhXVk/O8b0PdS/.1","action":"SyncServerConnectionManagerRequest", "result":"SYNC_SERVER_OK", "context":{"environment":"Prod_francecentral_prod-s01-062-eur-francecentral", "migrationStage":"NotStarted", "server":"akswtt10900000n"}}
{"logTime": "1214/133423", "correlationVector":"aXNpw65lEhXVk/O8b0PdS/.2","action":"ProcessGetUpdates", "result":"Done", "context":{"dataType":"History", "deleted":"0", "process_failed_to_decrypt":"0", "process_pending_decryption":"0", "process_success":"250", "total":"250"}}
{"logTime": "1214/133423", "correlationVector":"aXNpw65lEhXVk/O8b0PdS/.3","action":"GetUpdates Response", "result":"Success", "context":Received 250 update(s). cV=aXNpw65lEhXVk/O8b0PdS/.0;server=akswtt10900000n;cloudType=Consumer;environment=Prod_francecentral_prod-s01-062-eur-francecentral;migrationStage=NotStarted Some updates remain.}
{"logTime": "1214/133423", "correlationVector":"26a5G0q/xYE2NoLyfC57BR","action":"Initial GetUpdates", "result":"", "context":Reason: NEWLY_SUPPORTED_DATATYPE. cV=26a5G0q/xYE2NoLyfC57BR}
{"logTime": "1214/133425", "correlationVector":"26a5G0q/xYE2NoLyfC57BR.1","action":"SyncServerConnectionManagerRequest", "result":"SYNC_SERVER_OK", "context":{"environment":"Prod_francecentral_prod-s01-062-eur-francecentral", "migrationStage":"NotStarted", "server":"akswtt109000003"}}
{"logTime": "1214/133425", "correlationVector":"26a5G0q/xYE2NoLyfC57BR.2","action":"ProcessGetUpdates", "result":"Done", "context":{"dataType":"History", "deleted":"0", "process_failed_to_decrypt":"0", "process_pending_decryption":"0", "process_success":"250", "total":"250"}}
{"logTime": "1214/133425", "correlationVector":"26a5G0q/xYE2NoLyfC57BR.3","action":"GetUpdates Response", "result":"Success", "context":Received 250 update(s). cV=26a5G0q/xYE2NoLyfC57BR.0;server=akswtt109000003;cloudType=Consumer;environment=Prod_francecentral_prod-s01-062-eur-francecentral;migrationStage=NotStarted Some updates remain.}
{"logTime": "1214/133425", "correlationVector":"Ri3g/8Qa5HJsG8orBiMVZE","action":"Initial GetUpdates", "result":"", "context":Reason: NEWLY_SUPPORTED_DATATYPE. cV=Ri3g/8Qa5HJsG8orBiMVZE}
{"logTime": "1214/133425", "correlationVector":"Ri3g/8Qa5HJsG8orBiMVZE.1","action":"SyncServerConnectionManagerRequest", "result":"SYNC_SERVER_OK", "context":{"environment":"Prod_francecentral_prod-s01-062-eur-francecentral", "migrationStage":"NotStarted", "server":"akswtt109000010"}}
{"logTime": "1214/133425", "correlationVector":"Ri3g/8Qa5HJsG8orBiMVZE.2","action":"ProcessGetUpdates", "result":"Done", "context":{"dataType":"History", "deleted":"0", "process_failed_to_decrypt":"0", "process_pending_decryption":"0", "process_success":"250", "total":"250"}}
{"logTime": "1214/133425", "correlationVector":"Ri3g/8Qa5HJsG8orBiMVZE.3","action":"GetUpdates Response", "result":"Success", "context":Received 250 update(s). cV=Ri3g/8Qa5HJsG8orBiMVZE.0;server=akswtt109000010;cloudType=Consumer;environment=Prod_francecentral_prod-s01-062-eur-francecentral;migrationStage=NotStarted Some updates remain.}
{"logTime": "1214/133425", "correlationVector":"KaZbf0VgDixKMlwkIJizL/","action":"Initial GetUpdates", "result":"", "context":Reason: NEWLY_SUPPORTED_DATATYPE. cV=KaZbf0VgDixKMlwkIJizL/}
{"logTime": "1214/133426", "correlationVector":"KaZbf0VgDixKMlwkIJizL/.1","action":"SyncServerConnectionManagerRequest", "result":"SYNC_SERVER_OK", "context":{"environment":"Prod_francecentral_prod-s01-062-eur-francecentral", "migrationStage":"NotStarted", "server":"akswtt10900000u"}}
{"logTime": "1214/133426", "correlationVector":"KaZbf0VgDixKMlwkIJizL/.2","action":"ProcessGetUpdates", "result":"Done", "context":{"dataType":"History", "deleted":"0", "process_failed_to_decrypt":"0", "process_pending_decryption":"0", "process_success":"250", "total":"250"}}
{"logTime": "1214/133426", "correlationVector":"KaZbf0VgDixKMlwkIJizL/.3","action":"GetUpdates Response", "result":"Success", "context":Received 250 update(s). cV=KaZbf0VgDixKMlwkIJizL/.0;server=akswtt10900000u;cloudType=Consumer;environment=Prod_francecentral_prod-s01-062-eur-francecentral;migrationStage=NotStarted Some updates remain.}
{"logTime": "1214/133426", "correlationVector":"sYA9CA7tVG5IBwJh696U4d","action":"Initial GetUpdates", "result":"", "context":Reason: NEWLY_SUPPORTED_DATATYPE. cV=sYA9CA7tVG5IBwJh696U4d}
{"logTime": "1214/133427", "correlationVector":"sYA9CA7tVG5IBwJh696U4d.1","action":"SyncServerConnectionManagerRequest", "result":"SYNC_SERVER_OK", "context":{"environment":"Prod_francecentral_prod-s01-062-eur-francecentral", "migrationStage":"NotStarted", "server":"akswtt10900000q"}}
{"logTime": "1214/133427", "correlationVector":"sYA9CA7tVG5IBwJh696U4d.2","action":"ProcessGetUpdates", "result":"Done", "context":{"dataType":"History", "deleted":"0", "process_failed_to_decrypt":"0", "process_pending_decryption":"0", "process_success":"250", "total":"250"}}
{"logTime": "1214/133427", "correlationVector":"sYA9CA7tVG5IBwJh696U4d.3","action":"GetUpdates Response", "result":"Success", "context":Received 250 update(s). cV=sYA9CA7tVG5IBwJh696U4d.0;server=akswtt10900000q;cloudType=Consumer;environment=Prod_francecentral_prod-s01-062-eur-francecentral;migrationStage=NotStarted Some updates remain.}
{"logTime": "1214/133427", "correlationVector":"DQUov/BPoY5T2p13OD8HzE","action":"Initial GetUpdates", "result":"", "context":Reason: NEWLY_SUPPORTED_DATATYPE. cV=DQUov/BPoY5T2p13OD8HzE}
{"logTime": "1214/133428", "correlationVector":"DQUov/BPoY5T2p13OD8HzE.1","action":"SyncServerConnectionManagerRequest", "result":"SYNC_SERVER_OK", "context":{"environment":"Prod_francecentral_prod-s01-062-eur-francecentral", "migrationStage":"NotStarted", "server":"akswtt10900000v"}}
{"logTime": "1214/133428", "correlationVector":"DQUov/BPoY5T2p13OD8HzE.2","action":"ProcessGetUpdates", "result":"Done", "context":{"dataType":"History", "deleted":"0", "process_failed_to_decrypt":"0", "process_pending_decryption":"0", "process_success":"250", "total":"250"}}
{"logTime": "1214/133428", "correlationVector":"DQUov/BPoY5T2p13OD8HzE.3","action":"GetUpdates Response", "result":"Success", "context":Received 250 update(s). cV=DQUov/BPoY5T2p13OD8HzE.0;server=akswtt10900000v;cloudType=Consumer;environment=Prod_francecentral_prod-s01-062-eur-francecentral;migrationStage=NotStarted Some updates remain.}
{"logTime": "1214/133428", "correlationVector":"4fKBVseIxX6PMAv/qeSYRT","action":"Initial GetUpdates", "result":"", "context":Reason: NEWLY_SUPPORTED_DATATYPE. cV=4fKBVseIxX6PMAv/qeSYRT}
{"logTime": "1214/133428", "correlationVector":"4fKBVseIxX6PMAv/qeSYRT.1","action":"SyncServerConnectionManagerRequest", "result":"SYNC_SERVER_OK", "context":{"environment":"Prod_francecentral_prod-s01-062-eur-francecentral", "migrationStage":"NotStarted", "server":"akswtt10900000k"}}
{"logTime": "1214/133428", "correlationVector":"4fKBVseIxX6PMAv/qeSYRT.2","action":"ProcessGetUpdates", "result":"Done", "context":{"dataType":"History", "deleted":"0", "process_failed_to_decrypt":"0", "process_pending_decryption":"0", "process_success":"250", "total":"250"}}
{"logTime": "1214/133428", "correlationVector":"4fKBVseIxX6PMAv/qeSYRT.3","action":"GetUpdates Response", "result":"Success", "context":Received 250 update(s). cV=4fKBVseIxX6PMAv/qeSYRT.0;server=akswtt10900000k;cloudType=Consumer;environment=Prod_francecentral_prod-s01-062-eur-francecentral;migrationStage=NotStarted Some updates remain.}
{"logTime": "1214/133428", "correlationVector":"gZwU3a7kLpW61Iv7dKK8ZP","action":"Initial GetUpdates", "result":"", "context":Reason: NEWLY_SUPPORTED_DATATYPE. cV=gZwU3a7kLpW61Iv7dKK8ZP}
{"logTime": "1214/133428", "correlationVector":"gZwU3a7kLpW61Iv7dKK8ZP.1","action":"SyncServerConnectionManagerRequest", "result":"SYNC_SERVER_OK", "context":{"environment":"Prod_francecentral_prod-s01-062-eur-francecentral", "migrationStage":"NotStarted", "server":"akswtt10900000i"}}
{"logTime": "1214/133428", "correlationVector":"gZwU3a7kLpW61Iv7dKK8ZP.2","action":"ProcessGetUpdates", "result":"Done", "context":{"dataType":"History", "deleted":"0", "process_failed_to_decrypt":"0", "process_pending_decryption":"0", "process_success":"250", "total":"250"}}
{"logTime": "1214/133428", "correlationVector":"gZwU3a7kLpW61Iv7dKK8ZP.3","action":"GetUpdates Response", "result":"Success", "context":Received 250 update(s). cV=gZwU3a7kLpW61Iv7dKK8ZP.0;server=akswtt10900000i;cloudType=Consumer;environment=Prod_francecentral_prod-s01-062-eur-francecentral;migrationStage=NotStarted Some updates remain.}
{"logTime": "1214/133428", "correlationVector":"autCL5DGySQuclNzHM8VHX","action":"Initial GetUpdates", "result":"", "context":Reason: NEWLY_SUPPORTED_DATATYPE. cV=autCL5DGySQuclNzHM8VHX}
{"logTime": "1214/133429", "correlationVector":"autCL5DGySQuclNzHM8VHX.1","action":"SyncServerConnectionManagerRequest", "result":"SYNC_SERVER_OK", "context":{"environment":"Prod_francecentral_prod-s01-062-eur-francecentral", "migrationStage":"NotStarted", "server":"akswtt10900000n"}}
{"logTime": "1214/133429", "correlationVector":"autCL5DGySQuclNzHM8VHX.2","action":"ProcessGetUpdates", "result":"Done", "context":{"dataType":"History", "deleted":"0", "process_failed_to_decrypt":"0", "process_pending_decryption":"0", "process_success":"250", "total":"250"}}
{"logTime": "1214/133429", "correlationVector":"autCL5DGySQuclNzHM8VHX.3","action":"GetUpdates Response", "result":"Success", "context":Received 250 update(s). cV=autCL5DGySQuclNzHM8VHX.0;server=akswtt10900000n;cloudType=Consumer;environment=Prod_francecentral_prod-s01-062-eur-francecentral;migrationStage=NotStarted Some updates remain.}
{"logTime": "1214/133429", "correlationVector":"EuXCHkzbIiJK++YT7uMMUV","action":"Initial GetUpdates", "result":"", "context":Reason: NEWLY_SUPPORTED_DATATYPE. cV=EuXCHkzbIiJK++YT7uMMUV}
{"logTime": "1214/133429", "correlationVector":"EuXCHkzbIiJK++YT7uMMUV.1","action":"SyncServerConnectionManagerRequest", "result":"SYNC_SERVER_OK", "context":{"environment":"Prod_francecentral_prod-s01-062-eur-francecentral", "migrationStage":"NotStarted", "server":"akswtt10900000t"}}
{"logTime": "1214/133429", "correlationVector":"EuXCHkzbIiJK++YT7uMMUV.2","action":"ProcessGetUpdates", "result":"Done", "context":{"dataType":"History", "deleted":"0", "process_failed_to_decrypt":"0", "process_pending_decryption":"0", "process_success":"250", "total":"250"}}
{"logTime": "1214/133429", "correlationVector":"EuXCHkzbIiJK++YT7uMMUV.3","action":"GetUpdates Response", "result":"Success", "context":Received 250 update(s). cV=EuXCHkzbIiJK++YT7uMMUV.0;server=akswtt10900000t;cloudType=Consumer;environment=Prod_francecentral_prod-s01-062-eur-francecentral;migrationStage=NotStarted Some updates remain.}
{"logTime": "1214/133429", "correlationVector":"a/SHvda3vIhZglelpaLDC1","action":"Initial GetUpdates", "result":"", "context":Reason: NEWLY_SUPPORTED_DATATYPE. cV=a/SHvda3vIhZglelpaLDC1}
{"logTime": "1214/133430", "correlationVector":"a/SHvda3vIhZglelpaLDC1.1","action":"SyncServerConnectionManagerRequest", "result":"SYNC_SERVER_OK", "context":{"environment":"Prod_francecentral_prod-s01-062-eur-francecentral", "migrationStage":"NotStarted", "server":"akswtt109000008"}}
{"logTime": "1214/133430", "correlationVector":"a/SHvda3vIhZglelpaLDC1.2","action":"ProcessGetUpdates", "result":"Done", "context":{"dataType":"History", "deleted":"0", "process_failed_to_decrypt":"0", "process_pending_decryption":"0", "process_success":"250", "total":"250"}}
{"logTime": "1214/133430", "correlationVector":"a/SHvda3vIhZglelpaLDC1.3","action":"GetUpdates Response", "result":"Success", "context":Received 250 update(s). cV=a/SHvda3vIhZglelpaLDC1.0;server=akswtt109000008;cloudType=Consumer;environment=Prod_francecentral_prod-s01-062-eur-francecentral;migrationStage=NotStarted Some updates remain.}
{"logTime": "1214/133430", "correlationVector":"20cGpcbYHnTUOUK/d7cSw2","action":"Initial GetUpdates", "result":"", "context":Reason: NEWLY_SUPPORTED_DATATYPE. cV=20cGpcbYHnTUOUK/d7cSw2}
{"logTime": "1214/133431", "correlationVector":"20cGpcbYHnTUOUK/d7cSw2.1","action":"SyncServerConnectionManagerRequest", "result":"SYNC_SERVER_OK", "context":{"environment":"Prod_francecentral_prod-s01-062-eur-francecentral", "migrationStage":"NotStarted", "server":"akswtt10900000v"}}
{"logTime": "1214/133431", "correlationVector":"20cGpcbYHnTUOUK/d7cSw2.2","action":"ProcessGetUpdates", "result":"Done", "context":{"dataType":"History", "deleted":"0", "process_failed_to_decrypt":"0", "process_pending_decryption":"0", "process_success":"250", "total":"250"}}
{"logTime": "1214/133431", "correlationVector":"20cGpcbYHnTUOUK/d7cSw2.3","action":"GetUpdates Response", "result":"Success", "context":Received 250 update(s). cV=20cGpcbYHnTUOUK/d7cSw2.0;server=akswtt10900000v;cloudType=Consumer;environment=Prod_francecentral_prod-s01-062-eur-francecentral;migrationStage=NotStarted Some updates remain.}
{"logTime": "1214/133431", "correlationVector":"oVchhTVDoa02QRMf6mMsiz","action":"Initial GetUpdates", "result":"", "context":Reason: NEWLY_SUPPORTED_DATATYPE. cV=oVchhTVDoa02QRMf6mMsiz}
{"logTime": "1214/133431", "correlationVector":"oVchhTVDoa02QRMf6mMsiz.1","action":"SyncServerConnectionManagerRequest", "result":"SYNC_SERVER_OK", "context":{"environment":"Prod_francecentral_prod-s01-062-eur-francecentral", "migrationStage":"NotStarted", "server":"akswtt109000018"}}
{"logTime": "1214/133431", "correlationVector":"oVchhTVDoa02QRMf6mMsiz.2","action":"ProcessGetUpdates", "result":"Done", "context":{"dataType":"History", "deleted":"0", "process_failed_to_decrypt":"0", "process_pending_decryption":"0", "process_success":"250", "total":"250"}}
{"logTime": "1214/133431", "correlationVector":"oVchhTVDoa02QRMf6mMsiz.3","action":"GetUpdates Response", "result":"Success", "context":Received 250 update(s). cV=oVchhTVDoa02QRMf6mMsiz.0;server=akswtt109000018;cloudType=Consumer;environment=Prod_francecentral_prod-s01-062-eur-francecentral;migrationStage=NotStarted Some updates remain.}
{"logTime": "1214/133431", "correlationVector":"RGb2ZZ9Q4DHb/aGXrRjrsq","action":"Initial GetUpdates", "result":"", "context":Reason: NEWLY_SUPPORTED_DATATYPE. cV=RGb2ZZ9Q4DHb/aGXrRjrsq}
{"logTime": "1214/133431", "correlationVector":"RGb2ZZ9Q4DHb/aGXrRjrsq.1","action":"SyncServerConnectionManagerRequest", "result":"SYNC_SERVER_OK", "context":{"environment":"Prod_francecentral_prod-s01-062-eur-francecentral", "migrationStage":"NotStarted", "server":"akswtt10900000i"}}
{"logTime": "1214/133431", "correlationVector":"RGb2ZZ9Q4DHb/aGXrRjrsq.2","action":"ProcessGetUpdates", "result":"Done", "context":{"dataType":"History", "deleted":"0", "process_failed_to_decrypt":"0", "process_pending_decryption":"0", "process_success":"250", "total":"250"}}
{"logTime": "1214/133432", "correlationVector":"RGb2ZZ9Q4DHb/aGXrRjrsq.3","action":"GetUpdates Response", "result":"Success", "context":Received 250 update(s). cV=RGb2ZZ9Q4DHb/aGXrRjrsq.0;server=akswtt10900000i;cloudType=Consumer;environment=Prod_francecentral_prod-s01-062-eur-francecentral;migrationStage=NotStarted Some updates remain.}
{"logTime": "1214/133432", "correlationVector":"PVp/13papWoNlsZuw24Ke3","action":"Initial GetUpdates", "result":"", "context":Reason: NEWLY_SUPPORTED_DATATYPE. cV=PVp/13papWoNlsZuw24Ke3}
{"logTime": "1214/133432", "correlationVector":"PVp/13papWoNlsZuw24Ke3.1","action":"SyncServerConnectionManagerRequest", "result":"SYNC_SERVER_OK", "context":{"environment":"Prod_francecentral_prod-s01-062-eur-francecentral", "migrationStage":"NotStarted", "server":"akswtt109000018"}}
{"logTime": "1214/133432", "correlationVector":"PVp/13papWoNlsZuw24Ke3.2","action":"ProcessGetUpdates", "result":"Done", "context":{"dataType":"History", "deleted":"0", "process_failed_to_decrypt":"0", "process_pending_decryption":"0", "process_success":"250", "total":"250"}}
{"logTime": "1214/133432", "correlationVector":"PVp/13papWoNlsZuw24Ke3.3","action":"GetUpdates Response", "result":"Success", "context":Received 250 update(s). cV=PVp/13papWoNlsZuw24Ke3.0;server=akswtt109000018;cloudType=Consumer;environment=Prod_francecentral_prod-s01-062-eur-francecentral;migrationStage=NotStarted Some updates remain.}
{"logTime": "1214/133432", "correlationVector":"S3eg5k8yt/q+AC0dP5kehU","action":"Initial GetUpdates", "result":"", "context":Reason: NEWLY_SUPPORTED_DATATYPE. cV=S3eg5k8yt/q+AC0dP5kehU}
{"logTime": "1214/133433", "correlationVector":"S3eg5k8yt/q+AC0dP5kehU.1","action":"SyncServerConnectionManagerRequest", "result":"SYNC_SERVER_OK", "context":{"environment":"Prod_francecentral_prod-s01-062-eur-francecentral", "migrationStage":"NotStarted", "server":"akswtt109000008"}}
{"logTime": "1214/133433", "correlationVector":"S3eg5k8yt/q+AC0dP5kehU.2","action":"ProcessGetUpdates", "result":"Done", "context":{"dataType":"History", "deleted":"0", "process_failed_to_decrypt":"0", "process_pending_decryption":"0", "process_success":"250", "total":"250"}}
{"logTime": "1214/133433", "correlationVector":"S3eg5k8yt/q+AC0dP5kehU.3","action":"GetUpdates Response", "result":"Success", "context":Received 250 update(s). cV=S3eg5k8yt/q+AC0dP5kehU.0;server=akswtt109000008;cloudType=Consumer;environment=Prod_francecentral_prod-s01-062-eur-francecentral;migrationStage=NotStarted Some updates remain.}
{"logTime": "1214/133433", "correlationVector":"haK+oN7ScrUZbuRQoHqctx","action":"Initial GetUpdates", "result":"", "context":Reason: NEWLY_SUPPORTED_DATATYPE. cV=haK+oN7ScrUZbuRQoHqctx}
{"logTime": "1214/133434", "correlationVector":"haK+oN7ScrUZbuRQoHqctx.1","action":"SyncServerConnectionManagerRequest", "result":"SYNC_SERVER_OK", "context":{"environment":"Prod_francecentral_prod-s01-062-eur-francecentral", "migrationStage":"NotStarted", "server":"akswtt10900000v"}}
{"logTime": "1214/133434", "correlationVector":"haK+oN7ScrUZbuRQoHqctx.2","action":"ProcessGetUpdates", "result":"Done", "context":{"dataType":"History", "deleted":"0", "process_failed_to_decrypt":"0", "process_pending_decryption":"0", "process_success":"250", "total":"250"}}
{"logTime": "1214/133434", "correlationVector":"haK+oN7ScrUZbuRQoHqctx.3","action":"GetUpdates Response", "result":"Success", "context":Received 250 update(s). cV=haK+oN7ScrUZbuRQoHqctx.0;server=akswtt10900000v;cloudType=Consumer;environment=Prod_francecentral_prod-s01-062-eur-francecentral;migrationStage=NotStarted Some updates remain.}
{"logTime": "1214/133434", "correlationVector":"1YF1h5L0ND2JqXwMQ5pH9c","action":"Initial GetUpdates", "result":"", "context":Reason: NEWLY_SUPPORTED_DATATYPE. cV=1YF1h5L0ND2JqXwMQ5pH9c}
{"logTime": "1214/133435", "correlationVector":"1YF1h5L0ND2JqXwMQ5pH9c.1","action":"SyncServerConnectionManagerRequest", "result":"SYNC_SERVER_OK", "context":{"environment":"Prod_francecentral_prod-s01-062-eur-francecentral", "migrationStage":"NotStarted", "server":"akswtt10900000v"}}
{"logTime": "1214/133435", "correlationVector":"1YF1h5L0ND2JqXwMQ5pH9c.2","action":"ProcessGetUpdates", "result":"Done", "context":{"dataType":"History", "deleted":"0", "process_failed_to_decrypt":"0", "process_pending_decryption":"0", "process_success":"250", "total":"250"}}
{"logTime": "1214/133435", "correlationVector":"1YF1h5L0ND2JqXwMQ5pH9c.3","action":"GetUpdates Response", "result":"Success", "context":Received 250 update(s). cV=1YF1h5L0ND2JqXwMQ5pH9c.0;server=akswtt10900000v;cloudType=Consumer;environment=Prod_francecentral_prod-s01-062-eur-francecentral;migrationStage=NotStarted Some updates remain.}
{"logTime": "1214/133435", "correlationVector":"qyoZyaur6ervK+TPYUAMwS","action":"Initial GetUpdates", "result":"", "context":Reason: NEWLY_SUPPORTED_DATATYPE. cV=qyoZyaur6ervK+TPYUAMwS}
{"logTime": "1214/133436", "correlationVector":"qyoZyaur6ervK+TPYUAMwS.1","action":"SyncServerConnectionManagerRequest", "result":"SYNC_SERVER_OK", "context":{"environment":"Prod_francecentral_prod-s01-062-eur-francecentral", "migrationStage":"NotStarted", "server":"akswtt109000008"}}
{"logTime": "1214/133436", "correlationVector":"qyoZyaur6ervK+TPYUAMwS.2","action":"ProcessGetUpdates", "result":"Done", "context":{"dataType":"History", "deleted":"0", "process_failed_to_decrypt":"0", "process_pending_decryption":"0", "process_success":"250", "total":"250"}}
{"logTime": "1214/133436", "correlationVector":"qyoZyaur6ervK+TPYUAMwS.3","action":"GetUpdates Response", "result":"Success", "context":Received 250 update(s). cV=qyoZyaur6ervK+TPYUAMwS.0;server=akswtt109000008;cloudType=Consumer;environment=Prod_francecentral_prod-s01-062-eur-francecentral;migrationStage=NotStarted Some updates remain.}
{"logTime": "1214/133436", "correlationVector":"0W6GAe+PrNEN61U8PkYTSk","action":"Initial GetUpdates", "result":"", "context":Reason: NEWLY_SUPPORTED_DATATYPE. cV=0W6GAe+PrNEN61U8PkYTSk}
{"logTime": "1214/133437", "correlationVector":"0W6GAe+PrNEN61U8PkYTSk.1","action":"SyncServerConnectionManagerRequest", "result":"SYNC_SERVER_OK", "context":{"environment":"Prod_francecentral_prod-s01-062-eur-francecentral", "migrationStage":"NotStarted", "server":"akswtt109000008"}}
{"logTime": "1214/133437", "correlationVector":"0W6GAe+PrNEN61U8PkYTSk.2","action":"ProcessGetUpdates", "result":"Done", "context":{"dataType":"History", "deleted":"0", "process_failed_to_decrypt":"0", "process_pending_decryption":"0", "process_success":"250", "total":"250"}}
{"logTime": "1214/133437", "correlationVector":"0W6GAe+PrNEN61U8PkYTSk.3","action":"GetUpdates Response", "result":"Success", "context":Received 250 update(s). cV=0W6GAe+PrNEN61U8PkYTSk.0;server=akswtt109000008;cloudType=Consumer;environment=Prod_francecentral_prod-s01-062-eur-francecentral;migrationStage=NotStarted Some updates remain.}
{"logTime": "1214/133437", "correlationVector":"GN33zMXzpc/VKRrAUCxet1","action":"Initial GetUpdates", "result":"", "context":Reason: NEWLY_SUPPORTED_DATATYPE. cV=GN33zMXzpc/VKRrAUCxet1}
{"logTime": "1214/133438", "correlationVector":"GN33zMXzpc/VKRrAUCxet1.1","action":"SyncServerConnectionManagerRequest", "result":"SYNC_SERVER_OK", "context":{"environment":"Prod_francecentral_prod-s01-062-eur-francecentral", "migrationStage":"NotStarted", "server":"akswtt10900000v"}}
{"logTime": "1214/133438", "correlationVector":"GN33zMXzpc/VKRrAUCxet1.2","action":"ProcessGetUpdates", "result":"Done", "context":{"dataType":"History", "deleted":"0", "process_failed_to_decrypt":"0", "process_pending_decryption":"0", "process_success":"250", "total":"250"}}
{"logTime": "1214/133438", "correlationVector":"GN33zMXzpc/VKRrAUCxet1.3","action":"GetUpdates Response", "result":"Success", "context":Received 250 update(s). cV=GN33zMXzpc/VKRrAUCxet1.0;server=akswtt10900000v;cloudType=Consumer;environment=Prod_francecentral_prod-s01-062-eur-francecentral;migrationStage=NotStarted Some updates remain.}
{"logTime": "1214/133438", "correlationVector":"W3T7I+9QLAMvBCHOBwsi7q","action":"Initial GetUpdates", "result":"", "context":Reason: NEWLY_SUPPORTED_DATATYPE. cV=W3T7I+9QLAMvBCHOBwsi7q}
{"logTime": "1214/133439", "correlationVector":"W3T7I+9QLAMvBCHOBwsi7q.1","action":"SyncServerConnectionManagerRequest", "result":"SYNC_SERVER_OK", "context":{"environment":"Prod_francecentral_prod-s01-062-eur-francecentral", "migrationStage":"NotStarted", "server":"akswtt10900000v"}}
{"logTime": "1214/133439", "correlationVector":"W3T7I+9QLAMvBCHOBwsi7q.2","action":"ProcessGetUpdates", "result":"Done", "context":{"dataType":"History", "deleted":"0", "process_failed_to_decrypt":"0", "process_pending_decryption":"0", "process_success":"250", "total":"250"}}
{"logTime": "1214/133439", "correlationVector":"W3T7I+9QLAMvBCHOBwsi7q.3","action":"GetUpdates Response", "result":"Success", "context":Received 250 update(s). cV=W3T7I+9QLAMvBCHOBwsi7q.0;server=akswtt10900000v;cloudType=Consumer;environment=Prod_francecentral_prod-s01-062-eur-francecentral;migrationStage=NotStarted Some updates remain.}
{"logTime": "1214/133439", "correlationVector":"QZox01l+5r9mIj2hKVqWkM","action":"Initial GetUpdates", "result":"", "context":Reason: NEWLY_SUPPORTED_DATATYPE. cV=QZox01l+5r9mIj2hKVqWkM}
{"logTime": "1214/133440", "correlationVector":"QZox01l+5r9mIj2hKVqWkM.1","action":"SyncServerConnectionManagerRequest", "result":"SYNC_SERVER_OK", "context":{"environment":"Prod_francecentral_prod-s01-062-eur-francecentral", "migrationStage":"NotStarted", "server":"akswtt10900000t"}}
{"logTime": "1214/133440", "correlationVector":"QZox01l+5r9mIj2hKVqWkM.2","action":"ProcessGetUpdates", "result":"Done", "context":{"dataType":"History", "deleted":"0", "process_failed_to_decrypt":"0", "process_pending_decryption":"0", "process_success":"250", "total":"250"}}
{"logTime": "1214/133440", "correlationVector":"QZox01l+5r9mIj2hKVqWkM.3","action":"GetUpdates Response", "result":"Success", "context":Received 250 update(s). cV=QZox01l+5r9mIj2hKVqWkM.0;server=akswtt10900000t;cloudType=Consumer;environment=Prod_francecentral_prod-s01-062-eur-francecentral;migrationStage=NotStarted Some updates remain.}
{"logTime": "1214/133440", "correlationVector":"o4klqPZlTprkiZ5hyc9Z9k","action":"Initial GetUpdates", "result":"", "context":Reason: NEWLY_SUPPORTED_DATATYPE. cV=o4klqPZlTprkiZ5hyc9Z9k}
{"logTime": "1214/133440", "correlationVector":"o4klqPZlTprkiZ5hyc9Z9k.1","action":"SyncServerConnectionManagerRequest", "result":"SYNC_SERVER_OK", "context":{"environment":"Prod_francecentral_prod-s01-062-eur-francecentral", "migrationStage":"NotStarted", "server":"akswtt109000003"}}
{"logTime": "1214/133440", "correlationVector":"o4klqPZlTprkiZ5hyc9Z9k.2","action":"ProcessGetUpdates", "result":"Done", "context":{"dataType":"History", "deleted":"0", "process_failed_to_decrypt":"0", "process_pending_decryption":"0", "process_success":"250", "total":"250"}}
{"logTime": "1214/133441", "correlationVector":"o4klqPZlTprkiZ5hyc9Z9k.3","action":"GetUpdates Response", "result":"Success", "context":Received 250 update(s). cV=o4klqPZlTprkiZ5hyc9Z9k.0;server=akswtt109000003;cloudType=Consumer;environment=Prod_francecentral_prod-s01-062-eur-francecentral;migrationStage=NotStarted Some updates remain.}
{"logTime": "1214/133441", "correlationVector":"cfuF5QFfCeLHNqLKxLcSge","action":"Initial GetUpdates", "result":"", "context":Reason: NEWLY_SUPPORTED_DATATYPE. cV=cfuF5QFfCeLHNqLKxLcSge}
{"logTime": "1214/133443", "correlationVector":"cfuF5QFfCeLHNqLKxLcSge.1","action":"SyncServerConnectionManagerRequest", "result":"SYNC_SERVER_OK", "context":{"environment":"Prod_francecentral_prod-s01-062-eur-francecentral", "migrationStage":"NotStarted", "server":"akswtt109000019"}}
{"logTime": "1214/133443", "correlationVector":"cfuF5QFfCeLHNqLKxLcSge.2","action":"ProcessGetUpdates", "result":"Done", "context":{"dataType":"History", "deleted":"0", "process_failed_to_decrypt":"0", "process_pending_decryption":"0", "process_success":"250", "total":"250"}}
{"logTime": "1214/133443", "correlationVector":"cfuF5QFfCeLHNqLKxLcSge.3","action":"GetUpdates Response", "result":"Success", "context":Received 250 update(s). cV=cfuF5QFfCeLHNqLKxLcSge.0;server=akswtt109000019;cloudType=Consumer;environment=Prod_francecentral_prod-s01-062-eur-francecentral;migrationStage=NotStarted Some updates remain.}
{"logTime": "1214/133443", "correlationVector":"u5wG1zGBTll8dj7htb3kOQ","action":"Initial GetUpdates", "result":"", "context":Reason: NEWLY_SUPPORTED_DATATYPE. cV=u5wG1zGBTll8dj7htb3kOQ}
{"logTime": "1214/133444", "correlationVector":"u5wG1zGBTll8dj7htb3kOQ.1","action":"SyncServerConnectionManagerRequest", "result":"SYNC_SERVER_OK", "context":{"environment":"Prod_francecentral_prod-s01-062-eur-francecentral", "migrationStage":"NotStarted", "server":"akswtt10900000u"}}
{"logTime": "1214/133444", "correlationVector":"u5wG1zGBTll8dj7htb3kOQ.2","action":"ProcessGetUpdates", "result":"Done", "context":{"dataType":"History", "deleted":"0", "process_failed_to_decrypt":"0", "process_pending_decryption":"0", "process_success":"250", "total":"250"}}
{"logTime": "1214/133444", "correlationVector":"u5wG1zGBTll8dj7htb3kOQ.3","action":"GetUpdates Response", "result":"Success", "context":Received 250 update(s). cV=u5wG1zGBTll8dj7htb3kOQ.0;server=akswtt10900000u;cloudType=Consumer;environment=Prod_francecentral_prod-s01-062-eur-francecentral;migrationStage=NotStarted Some updates remain.}
{"logTime": "1214/133444", "correlationVector":"I70Et4/PBVyuBXWIi8gzFw","action":"Initial GetUpdates", "result":"", "context":Reason: NEWLY_SUPPORTED_DATATYPE. cV=I70Et4/PBVyuBXWIi8gzFw}
{"logTime": "1214/133445", "correlationVector":"I70Et4/PBVyuBXWIi8gzFw.1","action":"SyncServerConnectionManagerRequest", "result":"SYNC_SERVER_OK", "context":{"environment":"Prod_francecentral_prod-s01-062-eur-francecentral", "migrationStage":"NotStarted", "server":"akswtt10900000q"}}
{"logTime": "1214/133445", "correlationVector":"I70Et4/PBVyuBXWIi8gzFw.2","action":"ProcessGetUpdates", "result":"Done", "context":{"dataType":"History", "deleted":"0", "process_failed_to_decrypt":"0", "process_pending_decryption":"0", "process_success":"250", "total":"250"}}
{"logTime": "1214/133445", "correlationVector":"I70Et4/PBVyuBXWIi8gzFw.3","action":"GetUpdates Response", "result":"Success", "context":Received 250 update(s). cV=I70Et4/PBVyuBXWIi8gzFw.0;server=akswtt10900000q;cloudType=Consumer;environment=Prod_francecentral_prod-s01-062-eur-francecentral;migrationStage=NotStarted Some updates remain.}
{"logTime": "1214/133445", "correlationVector":"GMLtUwhx3rr8OCFOftMhaX","action":"Initial GetUpdates", "result":"", "context":Reason: NEWLY_SUPPORTED_DATATYPE. cV=GMLtUwhx3rr8OCFOftMhaX}
{"logTime": "1214/133446", "correlationVector":"GMLtUwhx3rr8OCFOftMhaX.1","action":"SyncServerConnectionManagerRequest", "result":"SYNC_SERVER_OK", "context":{"environment":"Prod_francecentral_prod-s01-062-eur-francecentral", "migrationStage":"NotStarted", "server":"akswtt109000008"}}
{"logTime": "1214/133446", "correlationVector":"GMLtUwhx3rr8OCFOftMhaX.2","action":"ProcessGetUpdates", "result":"Done", "context":{"dataType":"History", "deleted":"0", "process_failed_to_decrypt":"0", "process_pending_decryption":"0", "process_success":"250", "total":"250"}}
{"logTime": "1214/133446", "correlationVector":"GMLtUwhx3rr8OCFOftMhaX.3","action":"GetUpdates Response", "result":"Success", "context":Received 250 update(s). cV=GMLtUwhx3rr8OCFOftMhaX.0;server=akswtt109000008;cloudType=Consumer;environment=Prod_francecentral_prod-s01-062-eur-francecentral;migrationStage=NotStarted Some updates remain.}
{"logTime": "1214/133446", "correlationVector":"vUnfISDBvP8oJQ8dlXWNVv","action":"Initial GetUpdates", "result":"", "context":Reason: NEWLY_SUPPORTED_DATATYPE. cV=vUnfISDBvP8oJQ8dlXWNVv}
{"logTime": "1214/133447", "correlationVector":"vUnfISDBvP8oJQ8dlXWNVv.1","action":"SyncServerConnectionManagerRequest", "result":"SYNC_SERVER_OK", "context":{"environment":"Prod_francecentral_prod-s01-062-eur-francecentral", "migrationStage":"NotStarted", "server":"akswtt109000019"}}
{"logTime": "1214/133447", "correlationVector":"vUnfISDBvP8oJQ8dlXWNVv.2","action":"ProcessGetUpdates", "result":"Done", "context":{"dataType":"History", "deleted":"0", "process_failed_to_decrypt":"0", "process_pending_decryption":"0", "process_success":"250", "total":"250"}}
{"logTime": "1214/133447", "correlationVector":"vUnfISDBvP8oJQ8dlXWNVv.3","action":"GetUpdates Response", "result":"Success", "context":Received 250 update(s). cV=vUnfISDBvP8oJQ8dlXWNVv.0;server=akswtt109000019;cloudType=Consumer;environment=Prod_francecentral_prod-s01-062-eur-francecentral;migrationStage=NotStarted Some updates remain.}
{"logTime": "1214/133447", "correlationVector":"2eL1rLD+iEyJ5cm2QzV6eJ","action":"Initial GetUpdates", "result":"", "context":Reason: NEWLY_SUPPORTED_DATATYPE. cV=2eL1rLD+iEyJ5cm2QzV6eJ}
{"logTime": "1214/133448", "correlationVector":"2eL1rLD+iEyJ5cm2QzV6eJ.1","action":"SyncServerConnectionManagerRequest", "result":"SYNC_SERVER_OK", "context":{"environment":"Prod_francecentral_prod-s01-062-eur-francecentral", "migrationStage":"NotStarted", "server":"akswtt10900000n"}}
{"logTime": "1214/133448", "correlationVector":"2eL1rLD+iEyJ5cm2QzV6eJ.2","action":"ProcessGetUpdates", "result":"Done", "context":{"dataType":"History", "deleted":"0", "process_failed_to_decrypt":"0", "process_pending_decryption":"0", "process_success":"250", "total":"250"}}
{"logTime": "1214/133448", "correlationVector":"2eL1rLD+iEyJ5cm2QzV6eJ.3","action":"GetUpdates Response", "result":"Success", "context":Received 250 update(s). cV=2eL1rLD+iEyJ5cm2QzV6eJ.0;server=akswtt10900000n;cloudType=Consumer;environment=Prod_francecentral_prod-s01-062-eur-francecentral;migrationStage=NotStarted Some updates remain.}
{"logTime": "1214/133448", "correlationVector":"86woQ9eJ3Fj0JlVKjFxla5","action":"Initial GetUpdates", "result":"", "context":Reason: NEWLY_SUPPORTED_DATATYPE. cV=86woQ9eJ3Fj0JlVKjFxla5}
{"logTime": "1214/133502", "correlationVector":"86woQ9eJ3Fj0JlVKjFxla5.1","action":"SyncServerConnectionManagerRequest", "result":"SYNC_SERVER_OK", "context":{"environment":"Prod_francecentral_prod-s01-062-eur-francecentral", "migrationStage":"NotStarted", "server":"akswtt10900000k"}}
{"logTime": "1214/133502", "correlationVector":"86woQ9eJ3Fj0JlVKjFxla5.2","action":"ProcessGetUpdates", "result":"Done", "context":{"dataType":"History", "deleted":"0", "process_failed_to_decrypt":"0", "process_pending_decryption":"0", "process_success":"250", "total":"250"}}
{"logTime": "1214/133502", "correlationVector":"86woQ9eJ3Fj0JlVKjFxla5.3","action":"GetUpdates Response", "result":"Success", "context":Received 250 update(s). cV=86woQ9eJ3Fj0JlVKjFxla5.0;server=akswtt10900000k;cloudType=Consumer;environment=Prod_francecentral_prod-s01-062-eur-francecentral;migrationStage=NotStarted Some updates remain.}
{"logTime": "1214/133502", "correlationVector":"gVdrv0iIC1amUKOL9RLeqx","action":"Initial GetUpdates", "result":"", "context":Reason: NEWLY_SUPPORTED_DATATYPE. cV=gVdrv0iIC1amUKOL9RLeqx}
{"logTime": "1214/133504", "correlationVector":"gVdrv0iIC1amUKOL9RLeqx.1","action":"SyncServerConnectionManagerRequest", "result":"SYNC_SERVER_OK", "context":{"environment":"Prod_francecentral_prod-s01-062-eur-francecentral", "migrationStage":"NotStarted", "server":"akswtt10900000q"}}
{"logTime": "1214/133504", "correlationVector":"gVdrv0iIC1amUKOL9RLeqx.2","action":"ProcessGetUpdates", "result":"Done", "context":{"dataType":"History", "deleted":"0", "process_failed_to_decrypt":"0", "process_pending_decryption":"0", "process_success":"250", "total":"250"}}
{"logTime": "1214/133504", "correlationVector":"gVdrv0iIC1amUKOL9RLeqx.3","action":"GetUpdates Response", "result":"Success", "context":Received 250 update(s). cV=gVdrv0iIC1amUKOL9RLeqx.0;server=akswtt10900000q;cloudType=Consumer;environment=Prod_francecentral_prod-s01-062-eur-francecentral;migrationStage=NotStarted Some updates remain.}
{"logTime": "1214/133504", "correlationVector":"gBUjb40atKLusQPsAh5rx2","action":"Initial GetUpdates", "result":"", "context":Reason: NEWLY_SUPPORTED_DATATYPE. cV=gBUjb40atKLusQPsAh5rx2}
{"logTime": "1214/133505", "correlationVector":"gBUjb40atKLusQPsAh5rx2.1","action":"SyncServerConnectionManagerRequest", "result":"SYNC_SERVER_OK", "context":{"environment":"Prod_francecentral_prod-s01-062-eur-francecentral", "migrationStage":"NotStarted", "server":"akswtt109000017"}}
{"logTime": "1214/133505", "correlationVector":"gBUjb40atKLusQPsAh5rx2.2","action":"ProcessGetUpdates", "result":"Done", "context":{"dataType":"History", "deleted":"0", "process_failed_to_decrypt":"0", "process_pending_decryption":"0", "process_success":"250", "total":"250"}}
{"logTime": "1214/133505", "correlationVector":"gBUjb40atKLusQPsAh5rx2.3","action":"GetUpdates Response", "result":"Success", "context":Received 250 update(s). cV=gBUjb40atKLusQPsAh5rx2.0;server=akswtt109000017;cloudType=Consumer;environment=Prod_francecentral_prod-s01-062-eur-francecentral;migrationStage=NotStarted Some updates remain.}
{"logTime": "1214/133505", "correlationVector":"Wk7u8b9DEH/dLZ7eS5R2Pq","action":"Initial GetUpdates", "result":"", "context":Reason: NEWLY_SUPPORTED_DATATYPE. cV=Wk7u8b9DEH/dLZ7eS5R2Pq}
{"logTime": "1214/133505", "correlationVector":"Wk7u8b9DEH/dLZ7eS5R2Pq.1","action":"SyncServerConnectionManagerRequest", "result":"SYNC_SERVER_OK", "context":{"environment":"Prod_francecentral_prod-s01-062-eur-francecentral", "migrationStage":"NotStarted", "server":"akswtt10900000n"}}
{"logTime": "1214/133505", "correlationVector":"Wk7u8b9DEH/dLZ7eS5R2Pq.2","action":"ProcessGetUpdates", "result":"Done", "context":{"dataType":"History", "deleted":"0", "process_failed_to_decrypt":"0", "process_pending_decryption":"0", "process_success":"250", "total":"250"}}
{"logTime": "1214/133505", "correlationVector":"Wk7u8b9DEH/dLZ7eS5R2Pq.3","action":"GetUpdates Response", "result":"Success", "context":Received 250 update(s). cV=Wk7u8b9DEH/dLZ7eS5R2Pq.0;server=akswtt10900000n;cloudType=Consumer;environment=Prod_francecentral_prod-s01-062-eur-francecentral;migrationStage=NotStarted Some updates remain.}
{"logTime": "1214/133505", "correlationVector":"P6wgu1mYdfQl5qzFKHPoUP","action":"Initial GetUpdates", "result":"", "context":Reason: NEWLY_SUPPORTED_DATATYPE. cV=P6wgu1mYdfQl5qzFKHPoUP}
{"logTime": "1214/133509", "correlationVector":"P6wgu1mYdfQl5qzFKHPoUP.1","action":"SyncServerConnectionManagerRequest", "result":"SYNC_SERVER_OK", "context":{"environment":"Prod_francecentral_prod-s01-062-eur-francecentral", "migrationStage":"NotStarted", "server":"akswtt109000019"}}
{"logTime": "1214/133509", "correlationVector":"P6wgu1mYdfQl5qzFKHPoUP.2","action":"ProcessGetUpdates", "result":"Done", "context":{"dataType":"History", "deleted":"0", "process_failed_to_decrypt":"0", "process_pending_decryption":"0", "process_success":"250", "total":"250"}}
{"logTime": "1214/133509", "correlationVector":"P6wgu1mYdfQl5qzFKHPoUP.3","action":"GetUpdates Response", "result":"Success", "context":Received 250 update(s). cV=P6wgu1mYdfQl5qzFKHPoUP.0;server=akswtt109000019;cloudType=Consumer;environment=Prod_francecentral_prod-s01-062-eur-francecentral;migrationStage=NotStarted Some updates remain.}
{"logTime": "1214/133509", "correlationVector":"DXSIvja5NsvGOtQhypFHjn","action":"Initial GetUpdates", "result":"", "context":Reason: NEWLY_SUPPORTED_DATATYPE. cV=DXSIvja5NsvGOtQhypFHjn}
{"logTime": "1214/133509", "correlationVector":"DXSIvja5NsvGOtQhypFHjn.1","action":"SyncServerConnectionManagerRequest", "result":"SYNC_SERVER_OK", "context":{"environment":"Prod_francecentral_prod-s01-062-eur-francecentral", "migrationStage":"NotStarted", "server":"akswtt109000003"}}
{"logTime": "1214/133509", "correlationVector":"DXSIvja5NsvGOtQhypFHjn.2","action":"ProcessGetUpdates", "result":"Done", "context":{"dataType":"History", "deleted":"0", "process_failed_to_decrypt":"0", "process_pending_decryption":"0", "process_success":"250", "total":"250"}}
{"logTime": "1214/133509", "correlationVector":"DXSIvja5NsvGOtQhypFHjn.3","action":"GetUpdates Response", "result":"Success", "context":Received 250 update(s). cV=DXSIvja5NsvGOtQhypFHjn.0;server=akswtt109000003;cloudType=Consumer;environment=Prod_francecentral_prod-s01-062-eur-francecentral;migrationStage=NotStarted Some updates remain.}
{"logTime": "1214/133509", "correlationVector":"a323sJOBzK6u8Noyld+M8w","action":"Initial GetUpdates", "result":"", "context":Reason: NEWLY_SUPPORTED_DATATYPE. cV=a323sJOBzK6u8Noyld+M8w}
{"logTime": "1214/133510", "correlationVector":"a323sJOBzK6u8Noyld+M8w.1","action":"SyncServerConnectionManagerRequest", "result":"SYNC_SERVER_OK", "context":{"environment":"Prod_francecentral_prod-s01-062-eur-francecentral", "migrationStage":"NotStarted", "server":"akswtt109000008"}}
{"logTime": "1214/133510", "correlationVector":"a323sJOBzK6u8Noyld+M8w.2","action":"ProcessGetUpdates", "result":"Done", "context":{"dataType":"History", "deleted":"0", "process_failed_to_decrypt":"0", "process_pending_decryption":"0", "process_success":"250", "total":"250"}}
{"logTime": "1214/133510", "correlationVector":"a323sJOBzK6u8Noyld+M8w.3","action":"GetUpdates Response", "result":"Success", "context":Received 250 update(s). cV=a323sJOBzK6u8Noyld+M8w.0;server=akswtt109000008;cloudType=Consumer;environment=Prod_francecentral_prod-s01-062-eur-francecentral;migrationStage=NotStarted Some updates remain.}
{"logTime": "1214/133510", "correlationVector":"AKcrJNbgRiBQ2VjMA/93oe","action":"Initial GetUpdates", "result":"", "context":Reason: NEWLY_SUPPORTED_DATATYPE. cV=AKcrJNbgRiBQ2VjMA/93oe}
{"logTime": "1214/133512", "correlationVector":"AKcrJNbgRiBQ2VjMA/93oe.1","action":"SyncServerConnectionManagerRequest", "result":"SYNC_SERVER_OK", "context":{"environment":"Prod_francecentral_prod-s01-062-eur-francecentral", "migrationStage":"NotStarted", "server":"akswtt109000008"}}
{"logTime": "1214/133512", "correlationVector":"AKcrJNbgRiBQ2VjMA/93oe.2","action":"ProcessGetUpdates", "result":"Done", "context":{"dataType":"History", "deleted":"0", "process_failed_to_decrypt":"0", "process_pending_decryption":"0", "process_success":"250", "total":"250"}}
{"logTime": "1214/133512", "correlationVector":"AKcrJNbgRiBQ2VjMA/93oe.3","action":"GetUpdates Response", "result":"Success", "context":Received 250 update(s). cV=AKcrJNbgRiBQ2VjMA/93oe.0;server=akswtt109000008;cloudType=Consumer;environment=Prod_francecentral_prod-s01-062-eur-francecentral;migrationStage=NotStarted Some updates remain.}
{"logTime": "1214/133512", "correlationVector":"xs8nXSfjivA9m2ITdJHHhi","action":"Initial GetUpdates", "result":"", "context":Reason: NEWLY_SUPPORTED_DATATYPE. cV=xs8nXSfjivA9m2ITdJHHhi}
{"logTime": "1214/133513", "correlationVector":"xs8nXSfjivA9m2ITdJHHhi.1","action":"SyncServerConnectionManagerRequest", "result":"SYNC_SERVER_OK", "context":{"environment":"Prod_francecentral_prod-s01-062-eur-francecentral", "migrationStage":"NotStarted", "server":"akswtt10900000v"}}
{"logTime": "1214/133513", "correlationVector":"xs8nXSfjivA9m2ITdJHHhi.2","action":"ProcessGetUpdates", "result":"Done", "context":{"dataType":"History", "deleted":"0", "process_failed_to_decrypt":"0", "process_pending_decryption":"0", "process_success":"250", "total":"250"}}
{"logTime": "1214/133513", "correlationVector":"xs8nXSfjivA9m2ITdJHHhi.3","action":"GetUpdates Response", "result":"Success", "context":Received 250 update(s). cV=xs8nXSfjivA9m2ITdJHHhi.0;server=akswtt10900000v;cloudType=Consumer;environment=Prod_francecentral_prod-s01-062-eur-francecentral;migrationStage=NotStarted Some updates remain.}
{"logTime": "1214/133513", "correlationVector":"JjaMxF9EnYo/bFkayeLFWg","action":"Initial GetUpdates", "result":"", "context":Reason: NEWLY_SUPPORTED_DATATYPE. cV=JjaMxF9EnYo/bFkayeLFWg}
{"logTime": "1214/133514", "correlationVector":"JjaMxF9EnYo/bFkayeLFWg.1","action":"SyncServerConnectionManagerRequest", "result":"SYNC_SERVER_OK", "context":{"environment":"Prod_francecentral_prod-s01-062-eur-francecentral", "migrationStage":"NotStarted", "server":"akswtt109000008"}}
{"logTime": "1214/133514", "correlationVector":"JjaMxF9EnYo/bFkayeLFWg.2","action":"ProcessGetUpdates", "result":"Done", "context":{"dataType":"History", "deleted":"0", "process_failed_to_decrypt":"0", "process_pending_decryption":"0", "process_success":"250", "total":"250"}}
{"logTime": "1214/133514", "correlationVector":"JjaMxF9EnYo/bFkayeLFWg.3","action":"GetUpdates Response", "result":"Success", "context":Received 250 update(s). cV=JjaMxF9EnYo/bFkayeLFWg.0;server=akswtt109000008;cloudType=Consumer;environment=Prod_francecentral_prod-s01-062-eur-francecentral;migrationStage=NotStarted Some updates remain.}
{"logTime": "1214/133514", "correlationVector":"sY100mOwyG/+O7ByutOm0J","action":"Initial GetUpdates", "result":"", "context":Reason: NEWLY_SUPPORTED_DATATYPE. cV=sY100mOwyG/+O7ByutOm0J}
{"logTime": "1214/133514", "correlationVector":"sY100mOwyG/+O7ByutOm0J.1","action":"SyncServerConnectionManagerRequest", "result":"SYNC_SERVER_OK", "context":{"environment":"Prod_francecentral_prod-s01-062-eur-francecentral", "migrationStage":"NotStarted", "server":"akswtt10900000k"}}
{"logTime": "1214/133514", "correlationVector":"sY100mOwyG/+O7ByutOm0J.2","action":"ProcessGetUpdates", "result":"Done", "context":{"dataType":"History", "deleted":"0", "process_failed_to_decrypt":"0", "process_pending_decryption":"0", "process_success":"250", "total":"250"}}
{"logTime": "1214/133514", "correlationVector":"sY100mOwyG/+O7ByutOm0J.3","action":"GetUpdates Response", "result":"Success", "context":Received 250 update(s). cV=sY100mOwyG/+O7ByutOm0J.0;server=akswtt10900000k;cloudType=Consumer;environment=Prod_francecentral_prod-s01-062-eur-francecentral;migrationStage=NotStarted Some updates remain.}
{"logTime": "1214/133514", "correlationVector":"BOFsqaqFdzXAWB7aprPJKB","action":"Initial GetUpdates", "result":"", "context":Reason: NEWLY_SUPPORTED_DATATYPE. cV=BOFsqaqFdzXAWB7aprPJKB}
{"logTime": "1214/133515", "correlationVector":"BOFsqaqFdzXAWB7aprPJKB.1","action":"SyncServerConnectionManagerRequest", "result":"SYNC_SERVER_OK", "context":{"environment":"Prod_francecentral_prod-s01-062-eur-francecentral", "migrationStage":"NotStarted", "server":"akswtt109000019"}}
{"logTime": "1214/133515", "correlationVector":"BOFsqaqFdzXAWB7aprPJKB.2","action":"ProcessGetUpdates", "result":"Done", "context":{"dataType":"History", "deleted":"0", "process_failed_to_decrypt":"0", "process_pending_decryption":"0", "process_success":"250", "total":"250"}}
{"logTime": "1214/133515", "correlationVector":"BOFsqaqFdzXAWB7aprPJKB.3","action":"GetUpdates Response", "result":"Success", "context":Received 250 update(s). cV=BOFsqaqFdzXAWB7aprPJKB.0;server=akswtt109000019;cloudType=Consumer;environment=Prod_francecentral_prod-s01-062-eur-francecentral;migrationStage=NotStarted Some updates remain.}
{"logTime": "1214/133515", "correlationVector":"snIhssVv/oPPkny7xuVDTp","action":"Initial GetUpdates", "result":"", "context":Reason: NEWLY_SUPPORTED_DATATYPE. cV=snIhssVv/oPPkny7xuVDTp}
{"logTime": "1214/133516", "correlationVector":"snIhssVv/oPPkny7xuVDTp.1","action":"SyncServerConnectionManagerRequest", "result":"SYNC_SERVER_OK", "context":{"environment":"Prod_francecentral_prod-s01-062-eur-francecentral", "migrationStage":"NotStarted", "server":"akswtt109000008"}}
{"logTime": "1214/133516", "correlationVector":"snIhssVv/oPPkny7xuVDTp.2","action":"ProcessGetUpdates", "result":"Done", "context":{"dataType":"History", "deleted":"0", "process_failed_to_decrypt":"0", "process_pending_decryption":"0", "process_success":"250", "total":"250"}}
{"logTime": "1214/133516", "correlationVector":"snIhssVv/oPPkny7xuVDTp.3","action":"GetUpdates Response", "result":"Success", "context":Received 250 update(s). cV=snIhssVv/oPPkny7xuVDTp.0;server=akswtt109000008;cloudType=Consumer;environment=Prod_francecentral_prod-s01-062-eur-francecentral;migrationStage=NotStarted Some updates remain.}
{"logTime": "1214/133516", "correlationVector":"kkJqmVNYZxWowhfV3Q4Ifh","action":"Initial GetUpdates", "result":"", "context":Reason: NEWLY_SUPPORTED_DATATYPE. cV=kkJqmVNYZxWowhfV3Q4Ifh}
{"logTime": "1214/133516", "correlationVector":"kkJqmVNYZxWowhfV3Q4Ifh.1","action":"SyncServerConnectionManagerRequest", "result":"SYNC_SERVER_OK", "context":{"environment":"Prod_francecentral_prod-s01-062-eur-francecentral", "migrationStage":"NotStarted", "server":"akswtt10900000k"}}
{"logTime": "1214/133516", "correlationVector":"kkJqmVNYZxWowhfV3Q4Ifh.2","action":"ProcessGetUpdates", "result":"Done", "context":{"dataType":"History", "deleted":"0", "process_failed_to_decrypt":"0", "process_pending_decryption":"0", "process_success":"250", "total":"250"}}
{"logTime": "1214/133516", "correlationVector":"kkJqmVNYZxWowhfV3Q4Ifh.3","action":"GetUpdates Response", "result":"Success", "context":Received 250 update(s). cV=kkJqmVNYZxWowhfV3Q4Ifh.0;server=akswtt10900000k;cloudType=Consumer;environment=Prod_francecentral_prod-s01-062-eur-francecentral;migrationStage=NotStarted Some updates remain.}
{"logTime": "1214/133516", "correlationVector":"RYe8MBJCjk1LOapc2wlpLV","action":"Initial GetUpdates", "result":"", "context":Reason: NEWLY_SUPPORTED_DATATYPE. cV=RYe8MBJCjk1LOapc2wlpLV}
{"logTime": "1214/133517", "correlationVector":"RYe8MBJCjk1LOapc2wlpLV.1","action":"SyncServerConnectionManagerRequest", "result":"SYNC_SERVER_OK", "context":{"environment":"Prod_francecentral_prod-s01-062-eur-francecentral", "migrationStage":"NotStarted", "server":"akswtt10900000u"}}
{"logTime": "1214/133517", "correlationVector":"RYe8MBJCjk1LOapc2wlpLV.2","action":"ProcessGetUpdates", "result":"Done", "context":{"dataType":"History", "deleted":"0", "process_failed_to_decrypt":"0", "process_pending_decryption":"0", "process_success":"61", "total":"61"}}
{"logTime": "1214/133517", "correlationVector":"RYe8MBJCjk1LOapc2wlpLV.3","action":"GetUpdates Response", "result":"Success", "context":Received 61 update(s). cV=RYe8MBJCjk1LOapc2wlpLV.0;server=akswtt10900000u;cloudType=Consumer;environment=Prod_francecentral_prod-s01-062-eur-francecentral;migrationStage=NotStarted}
{"logTime": "1214/133517", "correlationVector":"HaCbqDbN/+cH3fzQmSaPjE","action":"Normal GetUpdate request", "result":"", "context":cV=HaCbqDbN/+cH3fzQmSaPjE
Nudged types: Passwords, Sessions, Device Info, User Consents, History
Refresh requested types: Bookmarks, Preferences, Passwords, Autofill Profiles, Autofill, Extensions, Sessions, Extension settings, History Delete Directives, Device Info, User Consents, Send Tab To Self, Web Apps, History, Saved Tab Group, WebAuthn Credentials, Collection, Edge E Drop, Edge Hub App Usage, Edge Wallet, Encryption Keys}
{"logTime": "1214/133518", "correlationVector":"HaCbqDbN/+cH3fzQmSaPjE.1","action":"SyncServerConnectionManagerRequest", "result":"SYNC_SERVER_OK", "context":{"environment":"Prod_francecentral_prod-s01-062-eur-francecentral", "migrationStage":"NotStarted", "server":"akswtt10900000k"}}
{"logTime": "1214/133518", "correlationVector":"HaCbqDbN/+cH3fzQmSaPjE.2","action":"GetUpdates Response", "result":"Success", "context":Received 0 update(s). cV=HaCbqDbN/+cH3fzQmSaPjE.0;server=akswtt10900000k;cloudType=Consumer;environment=Prod_francecentral_prod-s01-062-eur-francecentral;migrationStage=NotStarted}
{"logTime": "1214/133518", "correlationVector":"aMGZHHJ4p9uGVlfzrl8hWd","action":"Commit Request", "result":"", "context":Item count: 40
Contributing types: Passwords}
{"logTime": "1214/133544", "correlationVector":"aMGZHHJ4p9uGVlfzrl8hWd.0","action":"SyncServerConnectionManagerRequest", "result":"SYNC_SERVER_ERROR", "context":{"environment":"", "error_type":"http_status_code", "error_value":"503", "migrationStage":"", "server":""}}
{"logTime": "1214/133544", "correlationVector":"aMGZHHJ4p9uGVlfzrl8hWd.1","action":"Commit Response", "result":"HTTP error (503)", "context":Result: HTTP error (503). }
{"logTime": "1214/133629", "correlationVector":"CEoPcUJs8FRMXZG8FtRHf+","action":"Normal GetUpdate request", "result":"", "context":cV=CEoPcUJs8FRMXZG8FtRHf+
Nudged types: Preferences, Passwords, Sessions, Device Info, User Consents, History
Refresh requested types: Bookmarks, Preferences, Passwords, Autofill Profiles, Autofill, Extensions, Sessions, Extension settings, History Delete Directives, Device Info, User Consents, Send Tab To Self, Web Apps, History, Saved Tab Group, WebAuthn Credentials, Collection, Edge E Drop, Edge Hub App Usage, Edge Wallet, Encryption Keys}
{"logTime": "1214/133629", "correlationVector":"CEoPcUJs8FRMXZG8FtRHf+.1","action":"SyncServerConnectionManagerRequest", "result":"SYNC_SERVER_OK", "context":{"environment":"Prod_francecentral_prod-s01-062-eur-francecentral", "migrationStage":"NotStarted", "server":"akswtt10900000u"}}
{"logTime": "1214/133629", "correlationVector":"CEoPcUJs8FRMXZG8FtRHf+.2","action":"GetUpdates Response", "result":"Success", "context":Received 0 update(s). cV=CEoPcUJs8FRMXZG8FtRHf+.0;server=akswtt10900000u;cloudType=Consumer;environment=Prod_francecentral_prod-s01-062-eur-francecentral;migrationStage=NotStarted}
{"logTime": "1214/133629", "correlationVector":"1hOXwDrvHrldrdW9832Cm/","action":"Commit Request", "result":"", "context":Item count: 40
Contributing types: Passwords}
{"logTime": "1214/133632", "correlationVector":"1hOXwDrvHrldrdW9832Cm/.1","action":"SyncServerConnectionManagerRequest", "result":"SYNC_SERVER_OK", "context":{"environment":"Prod_francecentral_prod-s01-062-eur-francecentral", "migrationStage":"NotStarted", "server":"akswtt109000017"}}
{"logTime": "1214/133632", "correlationVector":"1hOXwDrvHrldrdW9832Cm/.2","action":"Commit Response", "result":"Success", "context":Result: Success. cV=1hOXwDrvHrldrdW9832Cm/.0;server=akswtt109000017;cloudType=Consumer;environment=Prod_francecentral_prod-s01-062-eur-francecentral;migrationStage=NotStarted}
{"logTime": "1214/133632", "correlationVector":"XuxrnVoqgGS2u69NTtTREl","action":"Commit Request", "result":"", "context":Item count: 40
Contributing types: Passwords}
{"logTime": "1214/133638", "correlationVector":"XuxrnVoqgGS2u69NTtTREl.1","action":"SyncServerConnectionManagerRequest", "result":"SYNC_SERVER_OK", "context":{"environment":"Prod_francecentral_prod-s01-062-eur-francecentral", "migrationStage":"NotStarted", "server":"akswtt10900000t"}}
{"logTime": "1214/133638", "correlationVector":"XuxrnVoqgGS2u69NTtTREl.2","action":"Commit Response", "result":"Success", "context":Result: Success. cV=XuxrnVoqgGS2u69NTtTREl.0;server=akswtt10900000t;cloudType=Consumer;environment=Prod_francecentral_prod-s01-062-eur-francecentral;migrationStage=NotStarted}
{"logTime": "1214/133638", "correlationVector":"0zDx5xTNgJ407NiHFbeR5B","action":"Commit Request", "result":"", "context":Item count: 40
Contributing types: Passwords}
{"logTime": "1214/133641", "correlationVector":"0zDx5xTNgJ407NiHFbeR5B.1","action":"SyncServerConnectionManagerRequest", "result":"SYNC_SERVER_OK", "context":{"environment":"Prod_francecentral_prod-s01-062-eur-francecentral", "migrationStage":"NotStarted", "server":"akswtt10900000s"}}
{"logTime": "1214/133641", "correlationVector":"0zDx5xTNgJ407NiHFbeR5B.2","action":"Commit Response", "result":"Success", "context":Result: Success. cV=0zDx5xTNgJ407NiHFbeR5B.0;server=akswtt10900000s;cloudType=Consumer;environment=Prod_francecentral_prod-s01-062-eur-francecentral;migrationStage=NotStarted}
{"logTime": "1214/133641", "correlationVector":"6vRLlJr6u0kAfWubXgK2SY","action":"Commit Request", "result":"", "context":Item count: 40
Contributing types: Passwords}
{"logTime": "1214/133644", "correlationVector":"6vRLlJr6u0kAfWubXgK2SY.1","action":"SyncServerConnectionManagerRequest", "result":"SYNC_SERVER_OK", "context":{"environment":"Prod_francecentral_prod-s01-062-eur-francecentral", "migrationStage":"NotStarted", "server":"akswtt10900000q"}}
{"logTime": "1214/133644", "correlationVector":"6vRLlJr6u0kAfWubXgK2SY.2","action":"Commit Response", "result":"Success", "context":Result: Success. cV=6vRLlJr6u0kAfWubXgK2SY.0;server=akswtt10900000q;cloudType=Consumer;environment=Prod_francecentral_prod-s01-062-eur-francecentral;migrationStage=NotStarted}
{"logTime": "1214/133644", "correlationVector":"limfoaFZBoF4ctovJv9Chn","action":"Commit Request", "result":"", "context":Item count: 40
Contributing types: Passwords}
{"logTime": "1214/133647", "correlationVector":"limfoaFZBoF4ctovJv9Chn.1","action":"SyncServerConnectionManagerRequest", "result":"SYNC_SERVER_OK", "context":{"environment":"Prod_francecentral_prod-s01-062-eur-francecentral", "migrationStage":"NotStarted", "server":"akswtt109000017"}}
{"logTime": "1214/133647", "correlationVector":"limfoaFZBoF4ctovJv9Chn.2","action":"Commit Response", "result":"Success", "context":Result: Success. cV=limfoaFZBoF4ctovJv9Chn.0;server=akswtt109000017;cloudType=Consumer;environment=Prod_francecentral_prod-s01-062-eur-francecentral;migrationStage=NotStarted}
{"logTime": "1214/133647", "correlationVector":"oMeJ8PUkxb8DnB6F8bafuu","action":"Commit Request", "result":"", "context":Item count: 40
Contributing types: Passwords}
{"logTime": "1214/133649", "correlationVector":"oMeJ8PUkxb8DnB6F8bafuu.1","action":"SyncServerConnectionManagerRequest", "result":"SYNC_SERVER_OK", "context":{"environment":"Prod_francecentral_prod-s01-062-eur-francecentral", "migrationStage":"NotStarted", "server":"akswtt10900000q"}}
{"logTime": "1214/133649", "correlationVector":"oMeJ8PUkxb8DnB6F8bafuu.2","action":"Commit Response", "result":"Success", "context":Result: Success. cV=oMeJ8PUkxb8DnB6F8bafuu.0;server=akswtt10900000q;cloudType=Consumer;environment=Prod_francecentral_prod-s01-062-eur-francecentral;migrationStage=NotStarted}
{"logTime": "1214/133649", "correlationVector":"d2UHVnN4+78AlUF7YQ7GYe","action":"Commit Request", "result":"", "context":Item count: 28
Contributing types: Preferences, Passwords, Sessions, Device Info, User Consents, History}
{"logTime": "1214/133653", "correlationVector":"d2UHVnN4+78AlUF7YQ7GYe.1","action":"SyncServerConnectionManagerRequest", "result":"SYNC_SERVER_OK", "context":{"environment":"Prod_francecentral_prod-s01-062-eur-francecentral", "migrationStage":"NotStarted", "server":"akswtt10900000s"}}
{"logTime": "1214/133653", "correlationVector":"d2UHVnN4+78AlUF7YQ7GYe.2","action":"Commit Response", "result":"Success", "context":Result: Success. cV=d2UHVnN4+78AlUF7YQ7GYe.0;server=akswtt10900000s;cloudType=Consumer;environment=Prod_francecentral_prod-s01-062-eur-francecentral;migrationStage=NotStarted}
{"logTime": "1214/194907", "correlationVector":"HxQbbC6HXJ+AAjRU80Wv0Y.1","action":"SyncServerConnectionManagerRequest", "result":"SYNC_SERVER_OK", "context":{"environment":"Prod_francecentral_prod-s01-062-eur-francecentral", "migrationStage":"NotStarted", "server":"akswtt109000004"}}
{"logTime": "1214/194907", "correlationVector":"HxQbbC6HXJ+AAjRU80Wv0Y.2","action":"ProcessGetUpdates", "result":"Done", "context":{"dataType":"Encryption Keys", "deleted":"0", "process_failed_to_decrypt":"0", "process_pending_decryption":"0", "process_success":"1", "total":"1"}}
{"logTime": "1214/194908", "correlationVector":"0CBeoIO19Jm4enrU374Fpd","action":"SyncServerConnectionManagerRequest", "result":"SYNC_SERVER_OK", "context":{"environment":"", "migrationStage":"", "server":""}}
{"logTime": "1214/194908", "correlationVector":"0CBeoIO19Jm4enrU374Fpd.0","action":"EncryptionKeysFetcher.DownloadKeys:", "result":"Success", "context":Key count: 10, Last key timestamp: 2025-08-02T01:21:23Z}
{"logTime": "1214/194908", "correlationVector":"0CBeoIO19Jm4enrU374Fpd.1","action":"EncryptionKeysManager::SetEncryptionKeys:", "result":"Success", "context":Key names[10]:[oqw27l+Aa04pqPLgnSYsu+A3l8ybWlyueAaSa9RPSlMAhEAtz1R6ATbdZPQYrOwZh2ENddODMgv2iz0iqTNCcw==][IfXOmqQQfqHdFlcyKQ/JbpZNfUIlYyWp/0OzIrDRBRpIblo4nz9LwC5x3cf6Jp0lyggJEk2hVjUJHSAyD9VJvA==][PF09ZOUKRnTdbLJpNRR9kyFtptAuUR3EVvpNolC1N1DzEeszJpyFxVeBQM6YYL37PPHxLeHW8bw/BFYzQJrrMw==][ZSl/PswJSrTCsZVzJxXYTn5G933rpov8f0q2j/KqmQBaYgpcejdiWkywT44IFfzhHmP78Zfo2BypcmcM8rarPg==][O+6H3YiPiKUfyiiBQfiR3kKaHdgnJqxQht04ghKea1XwqaIUZJLfsmv3ONZyOE90Rehn2PowpNcM7rqGbP4xbg==][i6MkJfuvv17Iq1FFeX3eMLo7mmwD4x5XRGu+DoVsf2knPdhoPRGqc3a/EtjXP6g44mOf9sIBOpuIhqjRt13BGg==][pAwjEi5ElATHekI9TtJKJuyfbusrrPqbT14OLXqgxVATWXLd+Ys69i8qRuGik+qIItdUUq4pxAW3n17b6vh/ag==][+bDoc3piVW9YgDu4gvqNKRwNcF4K/b8tbwhM9MTFhhER1vihcDGQYX9XjPgXw2u0DrVu6X5K51m898K18wC98A==][R+Bcycx/GOzkQcIoNHCzDgFW2IpMA1IRB8xa5RSORdFU2XQg4f0npOepCEMShsaSdAej+kLViwZHchgCmblbJQ==][9MUytB0eInkurxgLAqIQDO5Ylalyqmrvlb0+vs6ZS6IwuuhwNB4NTV89Bn16uZLXV2KWe3tsIqLcualb4ZEIsA==]}
{"logTime": "1214/194908", "correlationVector":"0CBeoIO19Jm4enrU374Fpd.2","action":"EncryptionKeysManager::SetEncryptionKeysWithTimestamps:", "result":"Success", "context":Key timestamps[10]:[2021-12-18T13:37:34Z][2022-07-06T22:31:10Z][2022-09-29T18:26:04Z][2023-03-29T22:46:33Z][2023-06-26T21:53:42Z][2023-12-24T19:12:49Z][2024-06-22T12:13:39Z][2024-12-19T17:23:50Z][2025-06-17T17:33:30Z][2025-08-02T01:21:23Z]}
{"logTime": "1214/194908", "correlationVector":"HxQbbC6HXJ+AAjRU80Wv0Y","action":"Initial GetUpdates", "result":"", "context":Reason: NEW_CLIENT. cV=HxQbbC6HXJ+AAjRU80Wv0Y}
{"logTime": "1214/194908", "correlationVector":"HxQbbC6HXJ+AAjRU80Wv0Y.3","action":"GetUpdates Response", "result":"Success", "context":Received 1 update(s). cV=HxQbbC6HXJ+AAjRU80Wv0Y.0;server=akswtt109000004;cloudType=Consumer;environment=Prod_francecentral_prod-s01-062-eur-francecentral;migrationStage=NotStarted}
{"logTime": "1214/194908", "correlationVector":"pt8uFc6UE9qe20VcDjN7yC","action":"Initial GetUpdates", "result":"", "context":Reason: NEWLY_SUPPORTED_DATATYPE. cV=pt8uFc6UE9qe20VcDjN7yC}
{"logTime": "1214/194910", "correlationVector":"pt8uFc6UE9qe20VcDjN7yC.1","action":"SyncServerConnectionManagerRequest", "result":"SYNC_SERVER_OK", "context":{"environment":"Prod_francecentral_prod-s01-062-eur-francecentral", "migrationStage":"NotStarted", "server":"akswtt109000011"}}
{"logTime": "1214/194910", "correlationVector":"pt8uFc6UE9qe20VcDjN7yC.2","action":"ProcessGetUpdates", "result":"Done", "context":{"dataType":"Passwords", "deleted":"0", "process_failed_to_decrypt":"0", "process_pending_decryption":"0", "process_success":"250", "total":"250"}}
{"logTime": "1214/194910", "correlationVector":"pt8uFc6UE9qe20VcDjN7yC.3","action":"GetUpdates Response", "result":"Success", "context":Received 250 update(s). cV=pt8uFc6UE9qe20VcDjN7yC.0;server=akswtt109000011;cloudType=Consumer;environment=Prod_francecentral_prod-s01-062-eur-francecentral;migrationStage=NotStarted Some updates remain.}
{"logTime": "1214/194910", "correlationVector":"s8NnuttJJF9MWQ2zjpADge","action":"Initial GetUpdates", "result":"", "context":Reason: NEWLY_SUPPORTED_DATATYPE. cV=s8NnuttJJF9MWQ2zjpADge}
{"logTime": "1214/194910", "correlationVector":"s8NnuttJJF9MWQ2zjpADge.1","action":"SyncServerConnectionManagerRequest", "result":"SYNC_SERVER_OK", "context":{"environment":"Prod_francecentral_prod-s01-062-eur-francecentral", "migrationStage":"NotStarted", "server":"akswtt109000017"}}
{"logTime": "1214/194910", "correlationVector":"s8NnuttJJF9MWQ2zjpADge.2","action":"ProcessGetUpdates", "result":"Done", "context":{"dataType":"Passwords", "deleted":"0", "process_failed_to_decrypt":"0", "process_pending_decryption":"0", "process_success":"19", "total":"19"}}
{"logTime": "1214/194910", "correlationVector":"s8NnuttJJF9MWQ2zjpADge.3","action":"GetUpdates Response", "result":"Success", "context":Received 19 update(s). cV=s8NnuttJJF9MWQ2zjpADge.0;server=akswtt109000017;cloudType=Consumer;environment=Prod_francecentral_prod-s01-062-eur-francecentral;migrationStage=NotStarted}
{"logTime": "1214/194910", "correlationVector":"FLw/mf362Mb7/3WrBQvBHQ","action":"Normal GetUpdate request", "result":"", "context":cV=FLw/mf362Mb7/3WrBQvBHQ
Nudged types: Sessions, History
Refresh requested types: Bookmarks, Preferences, Passwords, Autofill Profiles, Autofill, Extensions, Sessions, Extension settings, History Delete Directives, Device Info, User Consents, Send Tab To Self, Web Apps, History, Saved Tab Group, WebAuthn Credentials, Collection, Edge E Drop, Edge Hub App Usage, Edge Wallet, Encryption Keys}
{"logTime": "1214/194911", "correlationVector":"FLw/mf362Mb7/3WrBQvBHQ.1","action":"SyncServerConnectionManagerRequest", "result":"SYNC_SERVER_OK", "context":{"environment":"Prod_francecentral_prod-s01-062-eur-francecentral", "migrationStage":"NotStarted", "server":"akswtt109000012"}}
{"logTime": "1214/194911", "correlationVector":"FLw/mf362Mb7/3WrBQvBHQ.2","action":"ProcessGetUpdates", "result":"Done", "context":{"dataType":"Preferences", "deleted":"0", "process_failed_to_decrypt":"0", "process_pending_decryption":"0", "process_success":"2", "total":"2"}}
{"logTime": "1214/194911", "correlationVector":"FLw/mf362Mb7/3WrBQvBHQ.3","action":"ProcessGetUpdates", "result":"Done", "context":{"dataType":"Sessions", "deleted":"24", "process_failed_to_decrypt":"0", "process_pending_decryption":"0", "process_success":"35", "total":"35"}}
{"logTime": "1214/194911", "correlationVector":"FLw/mf362Mb7/3WrBQvBHQ.4","action":"ProcessGetUpdates", "result":"Done", "context":{"dataType":"Device Info", "deleted":"0", "process_failed_to_decrypt":"0", "process_pending_decryption":"0", "process_success":"2", "total":"2"}}
{"logTime": "1214/194911", "correlationVector":"FLw/mf362Mb7/3WrBQvBHQ.5","action":"ProcessGetUpdates", "result":"Done", "context":{"dataType":"History", "deleted":"0", "process_failed_to_decrypt":"0", "process_pending_decryption":"0", "process_success":"122", "total":"122"}}
{"logTime": "1214/194911", "correlationVector":"FLw/mf362Mb7/3WrBQvBHQ.6","action":"GetUpdates Response", "result":"Success", "context":Received 161 update(s). cV=FLw/mf362Mb7/3WrBQvBHQ.0;server=akswtt109000012;cloudType=Consumer;environment=Prod_francecentral_prod-s01-062-eur-francecentral;migrationStage=NotStarted}
{"logTime": "1214/194911", "correlationVector":"3feqcs58WpkUh2IcQ57+xj","action":"Commit Request", "result":"", "context":Item count: 7
Contributing types: Sessions, History}
{"logTime": "1214/194912", "correlationVector":"3feqcs58WpkUh2IcQ57+xj.1","action":"SyncServerConnectionManagerRequest", "result":"SYNC_SERVER_OK", "context":{"environment":"Prod_francecentral_prod-s01-062-eur-francecentral", "migrationStage":"NotStarted", "server":"akswtt10900000o"}}
{"logTime": "1214/194912", "correlationVector":"3feqcs58WpkUh2IcQ57+xj.3","action":"Commit.Sessions", "result":"Success", "context":{"id":"1c8ea8c1-1ca4-401e-b41a-2a95aae2af61", "isDeleted":"true", "size":"0", "version":"1765719412479"}}
{"logTime": "1214/194912", "correlationVector":"3feqcs58WpkUh2IcQ57+xj.2","action":"Commit Response", "result":"Success", "context":Result: Success. cV=3feqcs58WpkUh2IcQ57+xj.0;server=akswtt10900000o;cloudType=Consumer;environment=Prod_francecentral_prod-s01-062-eur-francecentral;migrationStage=NotStarted}
{"logTime": "1214/194912", "correlationVector":"3feqcs58WpkUh2IcQ57+xj.4","action":"Commit.Sessions", "result":"Success", "context":{"id":"3ee4b4fe-5977-42cf-aba8-4af04eec8c0c", "isDeleted":"true", "size":"0", "version":"1765719412477"}}
{"logTime": "1214/194915", "correlationVector":"grfEOMwOq383htM3xB93NK","action":"Commit Request", "result":"", "context":Item count: 1
Contributing types: Preferences}
{"logTime": "1214/194916", "correlationVector":"grfEOMwOq383htM3xB93NK.1","action":"SyncServerConnectionManagerRequest", "result":"SYNC_SERVER_OK", "context":{"environment":"Prod_francecentral_prod-s01-062-eur-francecentral", "migrationStage":"NotStarted", "server":"akswtt10900001c"}}
{"logTime": "1214/194916", "correlationVector":"grfEOMwOq383htM3xB93NK.2","action":"Commit Response", "result":"Success", "context":Result: Success. cV=grfEOMwOq383htM3xB93NK.0;server=akswtt10900001c;cloudType=Consumer;environment=Prod_francecentral_prod-s01-062-eur-francecentral;migrationStage=NotStarted}
{"logTime": "1214/194916", "correlationVector":"g4eZnkR6/No29oToxoyyxn","action":"Normal GetUpdate request", "result":"", "context":cV=g4eZnkR6/No29oToxoyyxn
Notified types: History}
{"logTime": "1214/194917", "correlationVector":"g4eZnkR6/No29oToxoyyxn.1","action":"SyncServerConnectionManagerRequest", "result":"SYNC_SERVER_OK", "context":{"environment":"Prod_francecentral_prod-s01-062-eur-francecentral", "migrationStage":"NotStarted", "server":"akswtt109000004"}}
{"logTime": "1214/194917", "correlationVector":"g4eZnkR6/No29oToxoyyxn.2","action":"ProcessGetUpdates", "result":"Done", "context":{"dataType":"Preferences", "deleted":"0", "process_failed_to_decrypt":"0", "process_pending_decryption":"0", "process_success":"1", "total":"1"}}
{"logTime": "1214/194917", "correlationVector":"g4eZnkR6/No29oToxoyyxn.3","action":"ProcessGetUpdates", "result":"Done", "context":{"dataType":"Sessions", "deleted":"3", "process_failed_to_decrypt":"0", "process_pending_decryption":"0", "process_success":"7", "total":"7"}}
{"logTime": "1214/194917", "correlationVector":"g4eZnkR6/No29oToxoyyxn.4","action":"ProcessGetUpdates", "result":"Done", "context":{"dataType":"History", "deleted":"0", "process_failed_to_decrypt":"0", "process_pending_decryption":"0", "process_success":"5", "total":"5"}}
{"logTime": "1214/194917", "correlationVector":"g4eZnkR6/No29oToxoyyxn.5","action":"GetUpdates Response", "result":"Success", "context":Received 13 update(s). cV=g4eZnkR6/No29oToxoyyxn.0;server=akswtt109000004;cloudType=Consumer;environment=Prod_francecentral_prod-s01-062-eur-francecentral;migrationStage=NotStarted}
{"logTime": "1214/194917", "correlationVector":"6cpPFNFR91uMyaNd3ZnUM4","action":"DoCompareDataConsistency: ", "result":"has local changes and skip compare"}
{"logTime": "1214/194917", "correlationVector":"VUgCUH73HrGDh7wH1hVVik","action":"Commit Request", "result":"", "context":Item count: 2
Contributing types: Sessions, History}
{"logTime": "1214/194918", "correlationVector":"VUgCUH73HrGDh7wH1hVVik.1","action":"SyncServerConnectionManagerRequest", "result":"SYNC_SERVER_OK", "context":{"environment":"Prod_francecentral_prod-s01-062-eur-francecentral", "migrationStage":"NotStarted", "server":"akswtt10900000n"}}
{"logTime": "1214/194918", "correlationVector":"VUgCUH73HrGDh7wH1hVVik.2","action":"Commit Response", "result":"Success", "context":Result: Success. cV=VUgCUH73HrGDh7wH1hVVik.0;server=akswtt10900000n;cloudType=Consumer;environment=Prod_francecentral_prod-s01-062-eur-francecentral;migrationStage=NotStarted}
